## Footprint report - date 05/01/2019 13:12:54
## Created by Pcbnew version kicad (5.0.1)-3
## Unit = mm, Angle = deg.

$BeginDESCRIPTION

$BOARD
upper_left_corner 42.859715 24.079999
lower_right_corner 134.580000 165.060000
$EndBOARD

$MODULE "U2"
reference "U2"
value "ublox_chinese_PCB_module"
footprint "spatboard:GPS_IDC-Header_2x05_P2.54mm_Horizontal"
attribut none
position 97.790000 66.040000  orientation 90.00
layer front
$PAD "8"
Shape Circle Layer both
position  7.870000  7.620000  size  1.520000  1.520000  orientation -90.00
drill  0.910000
shape_offset  0.000000  0.000000
$EndPAD
$PAD "2"
Shape Circle Layer both
position  7.870000  0.000000  size  1.520000  1.520000  orientation -90.00
drill  0.910000
shape_offset  0.000000  0.000000
$EndPAD
$PAD "4"
Shape Circle Layer both
position  7.870000  2.540000  size  1.520000  1.520000  orientation -90.00
drill  0.910000
shape_offset  0.000000  0.000000
$EndPAD
$PAD "10"
Shape Circle Layer both
position  7.870000 10.160000  size  1.520000  1.520000  orientation -90.00
drill  0.910000
shape_offset  0.000000  0.000000
$EndPAD
$PAD "6"
Shape Circle Layer both
position  7.870000  5.080000  size  1.520000  1.520000  orientation -90.00
drill  0.910000
shape_offset  0.000000  0.000000
$EndPAD
$PAD "9"
Shape Circle Layer both
position  0.000000 10.160000  size  1.520000  1.520000  orientation -90.00
drill  0.910000
shape_offset  0.000000  0.000000
$EndPAD
$PAD "7"
Shape Circle Layer both
position  0.000000  7.620000  size  1.520000  1.520000  orientation -90.00
drill  0.910000
shape_offset  0.000000  0.000000
$EndPAD
$PAD "5"
Shape Circle Layer both
position  0.000000  5.080000  size  1.520000  1.520000  orientation -90.00
drill  0.910000
shape_offset  0.000000  0.000000
$EndPAD
$PAD "3"
Shape Circle Layer both
position  0.000000  2.540000  size  1.520000  1.520000  orientation -90.00
drill  0.910000
shape_offset  0.000000  0.000000
$EndPAD
$PAD "1"
Shape Circle Layer both
position  0.000000  0.000000  size  1.520000  1.520000  orientation -90.00
drill  0.910000
shape_offset  0.000000  0.000000
$EndPAD
$PAD ""
Shape Circle Layer both
position 29.210000  5.080000  size  3.000000  3.000000  orientation 0.00
drill  3.000000
shape_offset  0.000000  0.000000
$EndPAD
$EndMODULE  U2

$MODULE "U11"
reference "U11"
value "XBee3"
footprint "spatboard:XBEE-22MM-TH"
attribut none
position 101.600000 149.860000  orientation 180.00
layer front
$PAD "1"
Shape Rect Layer both
position  0.000000  0.000000  size  1.600000  1.600000  orientation 0.00
drill  0.800000
shape_offset  0.000000  0.000000
$EndPAD
$PAD "11"
Shape Oval Layer both
position 22.000000 18.000000  size  1.600000  1.600000  orientation 0.00
drill  0.800000
shape_offset  0.000000  0.000000
$EndPAD
$PAD "2"
Shape Oval Layer both
position  0.000000  2.000000  size  1.600000  1.600000  orientation 0.00
drill  0.800000
shape_offset  0.000000  0.000000
$EndPAD
$PAD "12"
Shape Oval Layer both
position 22.000000 16.000000  size  1.600000  1.600000  orientation 0.00
drill  0.800000
shape_offset  0.000000  0.000000
$EndPAD
$PAD "3"
Shape Oval Layer both
position  0.000000  4.000000  size  1.600000  1.600000  orientation 0.00
drill  0.800000
shape_offset  0.000000  0.000000
$EndPAD
$PAD "13"
Shape Oval Layer both
position 22.000000 14.000000  size  1.600000  1.600000  orientation 0.00
drill  0.800000
shape_offset  0.000000  0.000000
$EndPAD
$PAD "4"
Shape Oval Layer both
position  0.000000  6.000000  size  1.600000  1.600000  orientation 0.00
drill  0.800000
shape_offset  0.000000  0.000000
$EndPAD
$PAD "14"
Shape Oval Layer both
position 22.000000 12.000000  size  1.600000  1.600000  orientation 0.00
drill  0.800000
shape_offset  0.000000  0.000000
$EndPAD
$PAD "5"
Shape Oval Layer both
position  0.000000  8.000000  size  1.600000  1.600000  orientation 0.00
drill  0.800000
shape_offset  0.000000  0.000000
$EndPAD
$PAD "15"
Shape Oval Layer both
position 22.000000 10.000000  size  1.600000  1.600000  orientation 0.00
drill  0.800000
shape_offset  0.000000  0.000000
$EndPAD
$PAD "6"
Shape Oval Layer both
position  0.000000 10.000000  size  1.600000  1.600000  orientation 0.00
drill  0.800000
shape_offset  0.000000  0.000000
$EndPAD
$PAD "16"
Shape Oval Layer both
position 22.000000  8.000000  size  1.600000  1.600000  orientation 0.00
drill  0.800000
shape_offset  0.000000  0.000000
$EndPAD
$PAD "7"
Shape Oval Layer both
position  0.000000 12.000000  size  1.600000  1.600000  orientation 0.00
drill  0.800000
shape_offset  0.000000  0.000000
$EndPAD
$PAD "17"
Shape Oval Layer both
position 22.000000  6.000000  size  1.600000  1.600000  orientation 0.00
drill  0.800000
shape_offset  0.000000  0.000000
$EndPAD
$PAD "8"
Shape Oval Layer both
position  0.000000 14.000000  size  1.600000  1.600000  orientation 0.00
drill  0.800000
shape_offset  0.000000  0.000000
$EndPAD
$PAD "18"
Shape Oval Layer both
position 22.000000  4.000000  size  1.600000  1.600000  orientation 0.00
drill  0.800000
shape_offset  0.000000  0.000000
$EndPAD
$PAD "9"
Shape Oval Layer both
position  0.000000 16.000000  size  1.600000  1.600000  orientation 0.00
drill  0.800000
shape_offset  0.000000  0.000000
$EndPAD
$PAD "19"
Shape Oval Layer both
position 22.000000  2.000000  size  1.600000  1.600000  orientation 0.00
drill  0.800000
shape_offset  0.000000  0.000000
$EndPAD
$PAD "10"
Shape Oval Layer both
position  0.000000 18.000000  size  1.600000  1.600000  orientation 0.00
drill  0.800000
shape_offset  0.000000  0.000000
$EndPAD
$PAD "20"
Shape Oval Layer both
position 22.000000  0.000000  size  1.600000  1.600000  orientation 0.00
drill  0.800000
shape_offset  0.000000  0.000000
$EndPAD
$EndMODULE  U11

$MODULE "U9"
reference "U9"
value "HMC544A-RF_Switch"
footprint "Package_TO_SOT_SMD:SOT-23-6_Handsoldering"
attribut smd
position 73.660000 48.260000  orientation 0.00
layer front
$PAD "1"
Shape Rect Layer front
position -1.350000 -0.950000  size  1.560000  0.650000  orientation 0.00
drill  0.000000
shape_offset  0.000000  0.000000
$EndPAD
$PAD "2"
Shape Rect Layer front
position -1.350000  0.000000  size  1.560000  0.650000  orientation 0.00
drill  0.000000
shape_offset  0.000000  0.000000
$EndPAD
$PAD "3"
Shape Rect Layer front
position -1.350000  0.950000  size  1.560000  0.650000  orientation 0.00
drill  0.000000
shape_offset  0.000000  0.000000
$EndPAD
$PAD "4"
Shape Rect Layer front
position  1.350000  0.950000  size  1.560000  0.650000  orientation 0.00
drill  0.000000
shape_offset  0.000000  0.000000
$EndPAD
$PAD "6"
Shape Rect Layer front
position  1.350000 -0.950000  size  1.560000  0.650000  orientation 0.00
drill  0.000000
shape_offset  0.000000  0.000000
$EndPAD
$PAD "5"
Shape Rect Layer front
position  1.350000  0.000000  size  1.560000  0.650000  orientation 0.00
drill  0.000000
shape_offset  0.000000  0.000000
$EndPAD
$EndMODULE  U9

$MODULE "U1"
reference "U1"
value "NUCLEO144-F746ZG"
footprint "spatboard:ST_Nucleo_144_Large_Daughter"
attribut none
position 58.385001 65.515001  orientation 0.00
layer front
$PAD ""
Shape Circle Layer both
position 40.550000 48.300000  size  3.000000  3.000000  orientation 0.00
drill  3.000000
shape_offset  0.000000  0.000000
$EndPAD
$PAD ""
Shape Circle Layer both
position 55.900000 -2.500000  size  3.000000  3.000000  orientation 0.00
drill  3.000000
shape_offset  0.000000  0.000000
$EndPAD
$PAD ""
Shape Circle Layer both
position  7.620000 -3.810000  size  3.000000  3.000000  orientation 0.00
drill  3.000000
shape_offset  0.000000  0.000000
$EndPAD
$PAD ""
Shape Circle Layer both
position  8.890000 72.390000  size  3.000000  3.000000  orientation 0.00
drill  3.000000
shape_offset  0.000000  0.000000
$EndPAD
$PAD ""
Shape Circle Layer both
position 54.600000 72.400000  size  3.000000  3.000000  orientation 0.00
drill  3.000000
shape_offset  0.000000  0.000000
$EndPAD
$PAD "148"
Shape Circle Layer both
position 63.500000 -25.400000  size  1.700000  1.700000  orientation 0.00
drill  1.000000
shape_offset  0.000000  0.000000
$EndPAD
$PAD "147"
Shape Circle Layer both
position 63.500000 -27.940000  size  1.700000  1.700000  orientation 0.00
drill  1.000000
shape_offset  0.000000  0.000000
$EndPAD
$PAD "146"
Shape Circle Layer both
position  0.000000 -25.400000  size  1.700000  1.700000  orientation 0.00
drill  1.000000
shape_offset  0.000000  0.000000
$EndPAD
$PAD "145"
Shape Circle Layer both
position  0.000000 -27.940000  size  1.700000  1.700000  orientation 0.00
drill  1.000000
shape_offset  0.000000  0.000000
$EndPAD
$PAD "144"
Shape Circle Layer both
position 63.500000 88.900000  size  1.700000  1.700000  orientation 0.00
drill  1.000000
shape_offset  0.000000  0.000000
$EndPAD
$PAD "143"
Shape Circle Layer both
position 60.960000 88.900000  size  1.700000  1.700000  orientation 0.00
drill  1.000000
shape_offset  0.000000  0.000000
$EndPAD
$PAD "142"
Shape Circle Layer both
position 63.500000 86.360000  size  1.700000  1.700000  orientation 0.00
drill  1.000000
shape_offset  0.000000  0.000000
$EndPAD
$PAD "141"
Shape Circle Layer both
position 60.960000 86.360000  size  1.700000  1.700000  orientation 0.00
drill  1.000000
shape_offset  0.000000  0.000000
$EndPAD
$PAD "140"
Shape Circle Layer both
position 63.500000 83.820000  size  1.700000  1.700000  orientation 0.00
drill  1.000000
shape_offset  0.000000  0.000000
$EndPAD
$PAD "139"
Shape Circle Layer both
position 60.960000 83.820000  size  1.700000  1.700000  orientation 0.00
drill  1.000000
shape_offset  0.000000  0.000000
$EndPAD
$PAD "138"
Shape Circle Layer both
position 63.500000 81.280000  size  1.700000  1.700000  orientation 0.00
drill  1.000000
shape_offset  0.000000  0.000000
$EndPAD
$PAD "137"
Shape Circle Layer both
position 60.960000 81.280000  size  1.700000  1.700000  orientation 0.00
drill  1.000000
shape_offset  0.000000  0.000000
$EndPAD
$PAD "136"
Shape Circle Layer both
position 63.500000 78.740000  size  1.700000  1.700000  orientation 0.00
drill  1.000000
shape_offset  0.000000  0.000000
$EndPAD
$PAD "135"
Shape Circle Layer both
position 60.960000 78.740000  size  1.700000  1.700000  orientation 0.00
drill  1.000000
shape_offset  0.000000  0.000000
$EndPAD
$PAD "134"
Shape Circle Layer both
position 63.500000 76.200000  size  1.700000  1.700000  orientation 0.00
drill  1.000000
shape_offset  0.000000  0.000000
$EndPAD
$PAD "133"
Shape Circle Layer both
position 60.960000 76.200000  size  1.700000  1.700000  orientation 0.00
drill  1.000000
shape_offset  0.000000  0.000000
$EndPAD
$PAD "132"
Shape Circle Layer both
position 63.500000 73.660000  size  1.700000  1.700000  orientation 0.00
drill  1.000000
shape_offset  0.000000  0.000000
$EndPAD
$PAD "131"
Shape Circle Layer both
position 60.960000 73.660000  size  1.700000  1.700000  orientation 0.00
drill  1.000000
shape_offset  0.000000  0.000000
$EndPAD
$PAD "130"
Shape Circle Layer both
position 63.500000 71.120000  size  1.700000  1.700000  orientation 0.00
drill  1.000000
shape_offset  0.000000  0.000000
$EndPAD
$PAD "129"
Shape Circle Layer both
position 60.960000 71.120000  size  1.700000  1.700000  orientation 0.00
drill  1.000000
shape_offset  0.000000  0.000000
$EndPAD
$PAD "128"
Shape Circle Layer both
position 63.500000 68.580000  size  1.700000  1.700000  orientation 0.00
drill  1.000000
shape_offset  0.000000  0.000000
$EndPAD
$PAD "127"
Shape Circle Layer both
position 60.960000 68.580000  size  1.700000  1.700000  orientation 0.00
drill  1.000000
shape_offset  0.000000  0.000000
$EndPAD
$PAD "126"
Shape Circle Layer both
position 63.500000 66.040000  size  1.700000  1.700000  orientation 0.00
drill  1.000000
shape_offset  0.000000  0.000000
$EndPAD
$PAD "125"
Shape Circle Layer both
position 60.960000 66.040000  size  1.700000  1.700000  orientation 0.00
drill  1.000000
shape_offset  0.000000  0.000000
$EndPAD
$PAD "124"
Shape Circle Layer both
position 63.500000 63.500000  size  1.700000  1.700000  orientation 0.00
drill  1.000000
shape_offset  0.000000  0.000000
$EndPAD
$PAD "123"
Shape Circle Layer both
position 60.960000 63.500000  size  1.700000  1.700000  orientation 0.00
drill  1.000000
shape_offset  0.000000  0.000000
$EndPAD
$PAD "122"
Shape Circle Layer both
position 63.500000 60.960000  size  1.700000  1.700000  orientation 0.00
drill  1.000000
shape_offset  0.000000  0.000000
$EndPAD
$PAD "121"
Shape Circle Layer both
position 60.960000 60.960000  size  1.700000  1.700000  orientation 0.00
drill  1.000000
shape_offset  0.000000  0.000000
$EndPAD
$PAD "120"
Shape Circle Layer both
position 63.500000 58.420000  size  1.700000  1.700000  orientation 0.00
drill  1.000000
shape_offset  0.000000  0.000000
$EndPAD
$PAD "119"
Shape Circle Layer both
position 60.960000 58.420000  size  1.700000  1.700000  orientation 0.00
drill  1.000000
shape_offset  0.000000  0.000000
$EndPAD
$PAD "118"
Shape Circle Layer both
position 63.500000 55.880000  size  1.700000  1.700000  orientation 0.00
drill  1.000000
shape_offset  0.000000  0.000000
$EndPAD
$PAD "117"
Shape Circle Layer both
position 60.960000 55.880000  size  1.700000  1.700000  orientation 0.00
drill  1.000000
shape_offset  0.000000  0.000000
$EndPAD
$PAD "116"
Shape Circle Layer both
position 63.500000 53.340000  size  1.700000  1.700000  orientation 0.00
drill  1.000000
shape_offset  0.000000  0.000000
$EndPAD
$PAD "115"
Shape Circle Layer both
position 60.960000 53.340000  size  1.700000  1.700000  orientation 0.00
drill  1.000000
shape_offset  0.000000  0.000000
$EndPAD
$PAD "114"
Shape Circle Layer both
position 63.500000 50.800000  size  1.700000  1.700000  orientation 0.00
drill  1.000000
shape_offset  0.000000  0.000000
$EndPAD
$PAD "113"
Shape Circle Layer both
position 60.960000 50.800000  size  1.700000  1.700000  orientation 0.00
drill  1.000000
shape_offset  0.000000  0.000000
$EndPAD
$PAD "112"
Shape Circle Layer both
position 63.500000 48.260000  size  1.700000  1.700000  orientation 0.00
drill  1.000000
shape_offset  0.000000  0.000000
$EndPAD
$PAD "111"
Shape Circle Layer both
position 60.960000 48.260000  size  1.700000  1.700000  orientation 0.00
drill  1.000000
shape_offset  0.000000  0.000000
$EndPAD
$PAD "110"
Shape Circle Layer both
position 63.500000 45.720000  size  1.700000  1.700000  orientation 0.00
drill  1.000000
shape_offset  0.000000  0.000000
$EndPAD
$PAD "109"
Shape Circle Layer both
position 60.960000 45.720000  size  1.700000  1.700000  orientation 0.00
drill  1.000000
shape_offset  0.000000  0.000000
$EndPAD
$PAD "108"
Shape Circle Layer both
position 63.500000 43.180000  size  1.700000  1.700000  orientation 0.00
drill  1.000000
shape_offset  0.000000  0.000000
$EndPAD
$PAD "107"
Shape Circle Layer both
position 60.960000 43.180000  size  1.700000  1.700000  orientation 0.00
drill  1.000000
shape_offset  0.000000  0.000000
$EndPAD
$PAD "106"
Shape Circle Layer both
position 63.500000 40.640000  size  1.700000  1.700000  orientation 0.00
drill  1.000000
shape_offset  0.000000  0.000000
$EndPAD
$PAD "105"
Shape Circle Layer both
position 60.960000 40.640000  size  1.700000  1.700000  orientation 0.00
drill  1.000000
shape_offset  0.000000  0.000000
$EndPAD
$PAD "104"
Shape Circle Layer both
position 63.500000 38.100000  size  1.700000  1.700000  orientation 0.00
drill  1.000000
shape_offset  0.000000  0.000000
$EndPAD
$PAD "103"
Shape Circle Layer both
position 60.960000 38.100000  size  1.700000  1.700000  orientation 0.00
drill  1.000000
shape_offset  0.000000  0.000000
$EndPAD
$PAD "102"
Shape Circle Layer both
position 63.500000 35.560000  size  1.700000  1.700000  orientation 0.00
drill  1.000000
shape_offset  0.000000  0.000000
$EndPAD
$PAD "101"
Shape Circle Layer both
position 60.960000 35.560000  size  1.700000  1.700000  orientation 0.00
drill  1.000000
shape_offset  0.000000  0.000000
$EndPAD
$PAD "100"
Shape Circle Layer both
position 63.500000 33.020000  size  1.700000  1.700000  orientation 0.00
drill  1.000000
shape_offset  0.000000  0.000000
$EndPAD
$PAD "99"
Shape Circle Layer both
position 60.960000 33.020000  size  1.700000  1.700000  orientation 0.00
drill  1.000000
shape_offset  0.000000  0.000000
$EndPAD
$PAD "98"
Shape Circle Layer both
position 63.500000 30.480000  size  1.700000  1.700000  orientation 0.00
drill  1.000000
shape_offset  0.000000  0.000000
$EndPAD
$PAD "97"
Shape Circle Layer both
position 60.960000 30.480000  size  1.700000  1.700000  orientation 0.00
drill  1.000000
shape_offset  0.000000  0.000000
$EndPAD
$PAD "96"
Shape Circle Layer both
position 63.500000 27.940000  size  1.700000  1.700000  orientation 0.00
drill  1.000000
shape_offset  0.000000  0.000000
$EndPAD
$PAD "95"
Shape Circle Layer both
position 60.960000 27.940000  size  1.700000  1.700000  orientation 0.00
drill  1.000000
shape_offset  0.000000  0.000000
$EndPAD
$PAD "94"
Shape Circle Layer both
position 63.500000 25.400000  size  1.700000  1.700000  orientation 0.00
drill  1.000000
shape_offset  0.000000  0.000000
$EndPAD
$PAD "93"
Shape Circle Layer both
position 60.960000 25.400000  size  1.700000  1.700000  orientation 0.00
drill  1.000000
shape_offset  0.000000  0.000000
$EndPAD
$PAD "92"
Shape Circle Layer both
position 63.500000 22.860000  size  1.700000  1.700000  orientation 0.00
drill  1.000000
shape_offset  0.000000  0.000000
$EndPAD
$PAD "91"
Shape Circle Layer both
position 60.960000 22.860000  size  1.700000  1.700000  orientation 0.00
drill  1.000000
shape_offset  0.000000  0.000000
$EndPAD
$PAD "90"
Shape Circle Layer both
position 63.500000 20.320000  size  1.700000  1.700000  orientation 0.00
drill  1.000000
shape_offset  0.000000  0.000000
$EndPAD
$PAD "89"
Shape Circle Layer both
position 60.960000 20.320000  size  1.700000  1.700000  orientation 0.00
drill  1.000000
shape_offset  0.000000  0.000000
$EndPAD
$PAD "88"
Shape Circle Layer both
position 63.500000 17.780000  size  1.700000  1.700000  orientation 0.00
drill  1.000000
shape_offset  0.000000  0.000000
$EndPAD
$PAD "87"
Shape Circle Layer both
position 60.960000 17.780000  size  1.700000  1.700000  orientation 0.00
drill  1.000000
shape_offset  0.000000  0.000000
$EndPAD
$PAD "86"
Shape Circle Layer both
position 63.500000 15.240000  size  1.700000  1.700000  orientation 0.00
drill  1.000000
shape_offset  0.000000  0.000000
$EndPAD
$PAD "85"
Shape Circle Layer both
position 60.960000 15.240000  size  1.700000  1.700000  orientation 0.00
drill  1.000000
shape_offset  0.000000  0.000000
$EndPAD
$PAD "84"
Shape Circle Layer both
position 63.500000 12.700000  size  1.700000  1.700000  orientation 0.00
drill  1.000000
shape_offset  0.000000  0.000000
$EndPAD
$PAD "83"
Shape Circle Layer both
position 60.960000 12.700000  size  1.700000  1.700000  orientation 0.00
drill  1.000000
shape_offset  0.000000  0.000000
$EndPAD
$PAD "82"
Shape Circle Layer both
position 63.500000 10.160000  size  1.700000  1.700000  orientation 0.00
drill  1.000000
shape_offset  0.000000  0.000000
$EndPAD
$PAD "81"
Shape Circle Layer both
position 60.960000 10.160000  size  1.700000  1.700000  orientation 0.00
drill  1.000000
shape_offset  0.000000  0.000000
$EndPAD
$PAD "80"
Shape Circle Layer both
position 63.500000  7.620000  size  1.700000  1.700000  orientation 0.00
drill  1.000000
shape_offset  0.000000  0.000000
$EndPAD
$PAD "79"
Shape Circle Layer both
position 60.960000  7.620000  size  1.700000  1.700000  orientation 0.00
drill  1.000000
shape_offset  0.000000  0.000000
$EndPAD
$PAD "78"
Shape Circle Layer both
position 63.500000  5.080000  size  1.700000  1.700000  orientation 0.00
drill  1.000000
shape_offset  0.000000  0.000000
$EndPAD
$PAD "77"
Shape Circle Layer both
position 60.960000  5.080000  size  1.700000  1.700000  orientation 0.00
drill  1.000000
shape_offset  0.000000  0.000000
$EndPAD
$PAD "76"
Shape Circle Layer both
position 63.500000  2.540000  size  1.700000  1.700000  orientation 0.00
drill  1.000000
shape_offset  0.000000  0.000000
$EndPAD
$PAD "75"
Shape Circle Layer both
position 60.960000  2.540000  size  1.700000  1.700000  orientation 0.00
drill  1.000000
shape_offset  0.000000  0.000000
$EndPAD
$PAD "74"
Shape Circle Layer both
position 63.500000  0.000000  size  1.700000  1.700000  orientation 0.00
drill  1.000000
shape_offset  0.000000  0.000000
$EndPAD
$PAD "73"
Shape Circle Layer both
position 60.960000  0.000000  size  1.700000  1.700000  orientation 0.00
drill  1.000000
shape_offset  0.000000  0.000000
$EndPAD
$PAD "72"
Shape Circle Layer both
position  2.540000 88.900000  size  1.700000  1.700000  orientation 0.00
drill  1.000000
shape_offset  0.000000  0.000000
$EndPAD
$PAD "71"
Shape Circle Layer both
position  0.000000 88.900000  size  1.700000  1.700000  orientation 0.00
drill  1.000000
shape_offset  0.000000  0.000000
$EndPAD
$PAD "70"
Shape Circle Layer both
position  2.540000 86.360000  size  1.700000  1.700000  orientation 0.00
drill  1.000000
shape_offset  0.000000  0.000000
$EndPAD
$PAD "69"
Shape Circle Layer both
position  0.000000 86.360000  size  1.700000  1.700000  orientation 0.00
drill  1.000000
shape_offset  0.000000  0.000000
$EndPAD
$PAD "68"
Shape Circle Layer both
position  2.540000 83.820000  size  1.700000  1.700000  orientation 0.00
drill  1.000000
shape_offset  0.000000  0.000000
$EndPAD
$PAD "67"
Shape Circle Layer both
position  0.000000 83.820000  size  1.700000  1.700000  orientation 0.00
drill  1.000000
shape_offset  0.000000  0.000000
$EndPAD
$PAD "66"
Shape Circle Layer both
position  2.540000 81.280000  size  1.700000  1.700000  orientation 0.00
drill  1.000000
shape_offset  0.000000  0.000000
$EndPAD
$PAD "65"
Shape Circle Layer both
position  0.000000 81.280000  size  1.700000  1.700000  orientation 0.00
drill  1.000000
shape_offset  0.000000  0.000000
$EndPAD
$PAD "64"
Shape Circle Layer both
position  2.540000 78.740000  size  1.700000  1.700000  orientation 0.00
drill  1.000000
shape_offset  0.000000  0.000000
$EndPAD
$PAD "63"
Shape Circle Layer both
position  0.000000 78.740000  size  1.700000  1.700000  orientation 0.00
drill  1.000000
shape_offset  0.000000  0.000000
$EndPAD
$PAD "62"
Shape Circle Layer both
position  2.540000 76.200000  size  1.700000  1.700000  orientation 0.00
drill  1.000000
shape_offset  0.000000  0.000000
$EndPAD
$PAD "61"
Shape Circle Layer both
position  0.000000 76.200000  size  1.700000  1.700000  orientation 0.00
drill  1.000000
shape_offset  0.000000  0.000000
$EndPAD
$PAD "60"
Shape Circle Layer both
position  2.540000 73.660000  size  1.700000  1.700000  orientation 0.00
drill  1.000000
shape_offset  0.000000  0.000000
$EndPAD
$PAD "59"
Shape Circle Layer both
position  0.000000 73.660000  size  1.700000  1.700000  orientation 0.00
drill  1.000000
shape_offset  0.000000  0.000000
$EndPAD
$PAD "58"
Shape Circle Layer both
position  2.540000 71.120000  size  1.700000  1.700000  orientation 0.00
drill  1.000000
shape_offset  0.000000  0.000000
$EndPAD
$PAD "57"
Shape Circle Layer both
position  0.000000 71.120000  size  1.700000  1.700000  orientation 0.00
drill  1.000000
shape_offset  0.000000  0.000000
$EndPAD
$PAD "56"
Shape Circle Layer both
position  2.540000 68.580000  size  1.700000  1.700000  orientation 0.00
drill  1.000000
shape_offset  0.000000  0.000000
$EndPAD
$PAD "55"
Shape Circle Layer both
position  0.000000 68.580000  size  1.700000  1.700000  orientation 0.00
drill  1.000000
shape_offset  0.000000  0.000000
$EndPAD
$PAD "54"
Shape Circle Layer both
position  2.540000 66.040000  size  1.700000  1.700000  orientation 0.00
drill  1.000000
shape_offset  0.000000  0.000000
$EndPAD
$PAD "53"
Shape Circle Layer both
position  0.000000 66.040000  size  1.700000  1.700000  orientation 0.00
drill  1.000000
shape_offset  0.000000  0.000000
$EndPAD
$PAD "52"
Shape Circle Layer both
position  2.540000 63.500000  size  1.700000  1.700000  orientation 0.00
drill  1.000000
shape_offset  0.000000  0.000000
$EndPAD
$PAD "51"
Shape Circle Layer both
position  0.000000 63.500000  size  1.700000  1.700000  orientation 0.00
drill  1.000000
shape_offset  0.000000  0.000000
$EndPAD
$PAD "50"
Shape Circle Layer both
position  2.540000 60.960000  size  1.700000  1.700000  orientation 0.00
drill  1.000000
shape_offset  0.000000  0.000000
$EndPAD
$PAD "49"
Shape Circle Layer both
position  0.000000 60.960000  size  1.700000  1.700000  orientation 0.00
drill  1.000000
shape_offset  0.000000  0.000000
$EndPAD
$PAD "48"
Shape Circle Layer both
position  2.540000 58.420000  size  1.700000  1.700000  orientation 0.00
drill  1.000000
shape_offset  0.000000  0.000000
$EndPAD
$PAD "47"
Shape Circle Layer both
position  0.000000 58.420000  size  1.700000  1.700000  orientation 0.00
drill  1.000000
shape_offset  0.000000  0.000000
$EndPAD
$PAD "46"
Shape Circle Layer both
position  2.540000 55.880000  size  1.700000  1.700000  orientation 0.00
drill  1.000000
shape_offset  0.000000  0.000000
$EndPAD
$PAD "45"
Shape Circle Layer both
position  0.000000 55.880000  size  1.700000  1.700000  orientation 0.00
drill  1.000000
shape_offset  0.000000  0.000000
$EndPAD
$PAD "44"
Shape Circle Layer both
position  2.540000 53.340000  size  1.700000  1.700000  orientation 0.00
drill  1.000000
shape_offset  0.000000  0.000000
$EndPAD
$PAD "43"
Shape Circle Layer both
position  0.000000 53.340000  size  1.700000  1.700000  orientation 0.00
drill  1.000000
shape_offset  0.000000  0.000000
$EndPAD
$PAD "42"
Shape Circle Layer both
position  2.540000 50.800000  size  1.700000  1.700000  orientation 0.00
drill  1.000000
shape_offset  0.000000  0.000000
$EndPAD
$PAD "41"
Shape Circle Layer both
position  0.000000 50.800000  size  1.700000  1.700000  orientation 0.00
drill  1.000000
shape_offset  0.000000  0.000000
$EndPAD
$PAD "40"
Shape Circle Layer both
position  2.540000 48.260000  size  1.700000  1.700000  orientation 0.00
drill  1.000000
shape_offset  0.000000  0.000000
$EndPAD
$PAD "39"
Shape Circle Layer both
position  0.000000 48.260000  size  1.700000  1.700000  orientation 0.00
drill  1.000000
shape_offset  0.000000  0.000000
$EndPAD
$PAD "38"
Shape Circle Layer both
position  2.540000 45.720000  size  1.700000  1.700000  orientation 0.00
drill  1.000000
shape_offset  0.000000  0.000000
$EndPAD
$PAD "37"
Shape Circle Layer both
position  0.000000 45.720000  size  1.700000  1.700000  orientation 0.00
drill  1.000000
shape_offset  0.000000  0.000000
$EndPAD
$PAD "36"
Shape Circle Layer both
position  2.540000 43.180000  size  1.700000  1.700000  orientation 0.00
drill  1.000000
shape_offset  0.000000  0.000000
$EndPAD
$PAD "35"
Shape Circle Layer both
position  0.000000 43.180000  size  1.700000  1.700000  orientation 0.00
drill  1.000000
shape_offset  0.000000  0.000000
$EndPAD
$PAD "34"
Shape Circle Layer both
position  2.540000 40.640000  size  1.700000  1.700000  orientation 0.00
drill  1.000000
shape_offset  0.000000  0.000000
$EndPAD
$PAD "33"
Shape Circle Layer both
position  0.000000 40.640000  size  1.700000  1.700000  orientation 0.00
drill  1.000000
shape_offset  0.000000  0.000000
$EndPAD
$PAD "32"
Shape Circle Layer both
position  2.540000 38.100000  size  1.700000  1.700000  orientation 0.00
drill  1.000000
shape_offset  0.000000  0.000000
$EndPAD
$PAD "31"
Shape Circle Layer both
position  0.000000 38.100000  size  1.700000  1.700000  orientation 0.00
drill  1.000000
shape_offset  0.000000  0.000000
$EndPAD
$PAD "30"
Shape Circle Layer both
position  2.540000 35.560000  size  1.700000  1.700000  orientation 0.00
drill  1.000000
shape_offset  0.000000  0.000000
$EndPAD
$PAD "29"
Shape Circle Layer both
position  0.000000 35.560000  size  1.700000  1.700000  orientation 0.00
drill  1.000000
shape_offset  0.000000  0.000000
$EndPAD
$PAD "28"
Shape Circle Layer both
position  2.540000 33.020000  size  1.700000  1.700000  orientation 0.00
drill  1.000000
shape_offset  0.000000  0.000000
$EndPAD
$PAD "27"
Shape Circle Layer both
position  0.000000 33.020000  size  1.700000  1.700000  orientation 0.00
drill  1.000000
shape_offset  0.000000  0.000000
$EndPAD
$PAD "26"
Shape Circle Layer both
position  2.540000 30.480000  size  1.700000  1.700000  orientation 0.00
drill  1.000000
shape_offset  0.000000  0.000000
$EndPAD
$PAD "25"
Shape Circle Layer both
position  0.000000 30.480000  size  1.700000  1.700000  orientation 0.00
drill  1.000000
shape_offset  0.000000  0.000000
$EndPAD
$PAD "24"
Shape Circle Layer both
position  2.540000 27.940000  size  1.700000  1.700000  orientation 0.00
drill  1.000000
shape_offset  0.000000  0.000000
$EndPAD
$PAD "23"
Shape Circle Layer both
position  0.000000 27.940000  size  1.700000  1.700000  orientation 0.00
drill  1.000000
shape_offset  0.000000  0.000000
$EndPAD
$PAD "22"
Shape Circle Layer both
position  2.540000 25.400000  size  1.700000  1.700000  orientation 0.00
drill  1.000000
shape_offset  0.000000  0.000000
$EndPAD
$PAD "21"
Shape Circle Layer both
position  0.000000 25.400000  size  1.700000  1.700000  orientation 0.00
drill  1.000000
shape_offset  0.000000  0.000000
$EndPAD
$PAD "20"
Shape Circle Layer both
position  2.540000 22.860000  size  1.700000  1.700000  orientation 0.00
drill  1.000000
shape_offset  0.000000  0.000000
$EndPAD
$PAD "19"
Shape Circle Layer both
position  0.000000 22.860000  size  1.700000  1.700000  orientation 0.00
drill  1.000000
shape_offset  0.000000  0.000000
$EndPAD
$PAD "18"
Shape Circle Layer both
position  2.540000 20.320000  size  1.700000  1.700000  orientation 0.00
drill  1.000000
shape_offset  0.000000  0.000000
$EndPAD
$PAD "17"
Shape Circle Layer both
position  0.000000 20.320000  size  1.700000  1.700000  orientation 0.00
drill  1.000000
shape_offset  0.000000  0.000000
$EndPAD
$PAD "16"
Shape Circle Layer both
position  2.540000 17.780000  size  1.700000  1.700000  orientation 0.00
drill  1.000000
shape_offset  0.000000  0.000000
$EndPAD
$PAD "15"
Shape Circle Layer both
position  0.000000 17.780000  size  1.700000  1.700000  orientation 0.00
drill  1.000000
shape_offset  0.000000  0.000000
$EndPAD
$PAD "14"
Shape Circle Layer both
position  2.540000 15.240000  size  1.700000  1.700000  orientation 0.00
drill  1.000000
shape_offset  0.000000  0.000000
$EndPAD
$PAD "13"
Shape Circle Layer both
position  0.000000 15.240000  size  1.700000  1.700000  orientation 0.00
drill  1.000000
shape_offset  0.000000  0.000000
$EndPAD
$PAD "12"
Shape Circle Layer both
position  2.540000 12.700000  size  1.700000  1.700000  orientation 0.00
drill  1.000000
shape_offset  0.000000  0.000000
$EndPAD
$PAD "11"
Shape Circle Layer both
position  0.000000 12.700000  size  1.700000  1.700000  orientation 0.00
drill  1.000000
shape_offset  0.000000  0.000000
$EndPAD
$PAD "10"
Shape Circle Layer both
position  2.540000 10.160000  size  1.700000  1.700000  orientation 0.00
drill  1.000000
shape_offset  0.000000  0.000000
$EndPAD
$PAD "9"
Shape Circle Layer both
position  0.000000 10.160000  size  1.700000  1.700000  orientation 0.00
drill  1.000000
shape_offset  0.000000  0.000000
$EndPAD
$PAD "8"
Shape Circle Layer both
position  2.540000  7.620000  size  1.700000  1.700000  orientation 0.00
drill  1.000000
shape_offset  0.000000  0.000000
$EndPAD
$PAD "7"
Shape Circle Layer both
position  0.000000  7.620000  size  1.700000  1.700000  orientation 0.00
drill  1.000000
shape_offset  0.000000  0.000000
$EndPAD
$PAD "6"
Shape Circle Layer both
position  2.540000  5.080000  size  1.700000  1.700000  orientation 0.00
drill  1.000000
shape_offset  0.000000  0.000000
$EndPAD
$PAD "5"
Shape Circle Layer both
position  0.000000  5.080000  size  1.700000  1.700000  orientation 0.00
drill  1.000000
shape_offset  0.000000  0.000000
$EndPAD
$PAD "4"
Shape Circle Layer both
position  2.540000  2.540000  size  1.700000  1.700000  orientation 0.00
drill  1.000000
shape_offset  0.000000  0.000000
$EndPAD
$PAD "3"
Shape Circle Layer both
position  0.000000  2.540000  size  1.700000  1.700000  orientation 0.00
drill  1.000000
shape_offset  0.000000  0.000000
$EndPAD
$PAD "2"
Shape Circle Layer both
position  2.540000  0.000000  size  1.700000  1.700000  orientation 0.00
drill  1.000000
shape_offset  0.000000  0.000000
$EndPAD
$PAD "1"
Shape Circle Layer both
position  0.000000  0.000000  size  1.700000  1.700000  orientation 0.00
drill  1.000000
shape_offset  0.000000  0.000000
$EndPAD
$EndMODULE  U1

$MODULE "TP14"
reference "TP14"
value "TestPoint"
footprint "TestPoint:TestPoint_Loop_D1.80mm_Drill1.0mm_Beaded"
attribut none
position 95.885000 100.330000  orientation 0.00
layer front
$PAD "1"
Shape Circle Layer both
position  0.000000  0.000000  size  2.000000  2.000000  orientation 0.00
drill  1.000000
shape_offset  0.000000  0.000000
$EndPAD
$EndMODULE  TP14

$MODULE "C21"
reference "C21"
value "100uF"
footprint "Capacitor_THT:CP_Radial_D5.0mm_P2.50mm"
attribut none
position 66.040000 67.945000  orientation 0.00
layer front
$PAD "1"
Shape Rect Layer both
position  0.000000  0.000000  size  1.600000  1.600000  orientation 0.00
drill  0.800000
shape_offset  0.000000  0.000000
$EndPAD
$PAD "2"
Shape Circle Layer both
position  2.500000  0.000000  size  1.600000  1.600000  orientation 0.00
drill  0.800000
shape_offset  0.000000  0.000000
$EndPAD
$EndMODULE  C21

$MODULE "U5"
reference "U5"
value "AD8310"
footprint "Package_SO:MSOP-8_3x3mm_P0.65mm"
attribut smd
position 74.930000 72.390000  orientation 0.00
layer front
$PAD "8"
Shape Rect Layer front
position  2.200000 -0.975000  size  1.450000  0.450000  orientation 0.00
drill  0.000000
shape_offset  0.000000  0.000000
$EndPAD
$PAD "7"
Shape Rect Layer front
position  2.200000 -0.325000  size  1.450000  0.450000  orientation 0.00
drill  0.000000
shape_offset  0.000000  0.000000
$EndPAD
$PAD "6"
Shape Rect Layer front
position  2.200000  0.325000  size  1.450000  0.450000  orientation 0.00
drill  0.000000
shape_offset  0.000000  0.000000
$EndPAD
$PAD "5"
Shape Rect Layer front
position  2.200000  0.975000  size  1.450000  0.450000  orientation 0.00
drill  0.000000
shape_offset  0.000000  0.000000
$EndPAD
$PAD "4"
Shape Rect Layer front
position -2.200000  0.975000  size  1.450000  0.450000  orientation 0.00
drill  0.000000
shape_offset  0.000000  0.000000
$EndPAD
$PAD "3"
Shape Rect Layer front
position -2.200000  0.325000  size  1.450000  0.450000  orientation 0.00
drill  0.000000
shape_offset  0.000000  0.000000
$EndPAD
$PAD "2"
Shape Rect Layer front
position -2.200000 -0.325000  size  1.450000  0.450000  orientation 0.00
drill  0.000000
shape_offset  0.000000  0.000000
$EndPAD
$PAD "1"
Shape Rect Layer front
position -2.200000 -0.975000  size  1.450000  0.450000  orientation 0.00
drill  0.000000
shape_offset  0.000000  0.000000
$EndPAD
$EndMODULE  U5

$MODULE "J3"
reference "J3"
value "Conn_01x04_Male"
footprint "Connector_PinHeader_2.54mm:PinHeader_1x04_P2.54mm_Vertical"
attribut none
position 73.660000 132.080000  orientation 0.00
layer front
$PAD "1"
Shape Rect Layer both
position  0.000000  0.000000  size  1.700000  1.700000  orientation 0.00
drill  1.000000
shape_offset  0.000000  0.000000
$EndPAD
$PAD "2"
Shape Oval Layer both
position  0.000000  2.540000  size  1.700000  1.700000  orientation 0.00
drill  1.000000
shape_offset  0.000000  0.000000
$EndPAD
$PAD "3"
Shape Oval Layer both
position  0.000000  5.080000  size  1.700000  1.700000  orientation 0.00
drill  1.000000
shape_offset  0.000000  0.000000
$EndPAD
$PAD "4"
Shape Oval Layer both
position  0.000000  7.620000  size  1.700000  1.700000  orientation 0.00
drill  1.000000
shape_offset  0.000000  0.000000
$EndPAD
$EndMODULE  J3

$MODULE "R1"
reference "R1"
value "53R"
footprint "Capacitor_SMD:C_1210_3225Metric_Pad1.42x2.65mm_HandSolder"
attribut smd
position 73.660000 36.830000  orientation 0.00
layer front
$PAD "1"
Shape Roundrect Layer front
position -1.487500  0.000000  size  1.425000  2.650000  orientation 0.00
drill  0.000000
shape_offset  0.000000  0.000000
$EndPAD
$PAD "2"
Shape Roundrect Layer front
position  1.487500  0.000000  size  1.425000  2.650000  orientation 0.00
drill  0.000000
shape_offset  0.000000  0.000000
$EndPAD
$EndMODULE  R1

$MODULE "R4"
reference "R4"
value "100R"
footprint "Resistor_SMD:R_2010_5025Metric_Pad1.52x2.65mm_HandSolder"
attribut smd
position 82.550000 53.340000  orientation 180.00
layer front
$PAD "2"
Shape Roundrect Layer front
position  2.337500  0.000000  size  1.525000  2.650000  orientation 0.00
drill  0.000000
shape_offset  0.000000  0.000000
$EndPAD
$PAD "1"
Shape Roundrect Layer front
position -2.337500  0.000000  size  1.525000  2.650000  orientation 0.00
drill  0.000000
shape_offset  0.000000  0.000000
$EndPAD
$EndMODULE  R4

$MODULE "R5"
reference "R5"
value "100R"
footprint "Resistor_SMD:R_2010_5025Metric_Pad1.52x2.65mm_HandSolder"
attribut smd
position 90.170000 53.340000  orientation 0.00
layer front
$PAD "1"
Shape Roundrect Layer front
position -2.337500  0.000000  size  1.525000  2.650000  orientation 0.00
drill  0.000000
shape_offset  0.000000  0.000000
$EndPAD
$PAD "2"
Shape Roundrect Layer front
position  2.337500  0.000000  size  1.525000  2.650000  orientation 0.00
drill  0.000000
shape_offset  0.000000  0.000000
$EndPAD
$EndMODULE  R5

$MODULE "C20"
reference "C20"
value "470pF"
footprint "Capacitor_SMD:C_0805_2012Metric_Pad1.15x1.40mm_HandSolder"
attribut smd
position 76.200000 91.440000  orientation 180.00
layer front
$PAD "1"
Shape Roundrect Layer front
position -1.025000  0.000000  size  1.150000  1.400000  orientation 0.00
drill  0.000000
shape_offset  0.000000  0.000000
$EndPAD
$PAD "2"
Shape Roundrect Layer front
position  1.025000  0.000000  size  1.150000  1.400000  orientation 0.00
drill  0.000000
shape_offset  0.000000  0.000000
$EndPAD
$EndMODULE  C20

$MODULE "U12"
reference "U12"
value "MIC5219-3.3YM5"
footprint "Package_TO_SOT_SMD:SOT-23-5"
attribut smd
position 74.930000 87.630000  orientation 0.00
layer front
$PAD "1"
Shape Rect Layer front
position -1.100000 -0.950000  size  1.060000  0.650000  orientation 0.00
drill  0.000000
shape_offset  0.000000  0.000000
$EndPAD
$PAD "2"
Shape Rect Layer front
position -1.100000  0.000000  size  1.060000  0.650000  orientation 0.00
drill  0.000000
shape_offset  0.000000  0.000000
$EndPAD
$PAD "3"
Shape Rect Layer front
position -1.100000  0.950000  size  1.060000  0.650000  orientation 0.00
drill  0.000000
shape_offset  0.000000  0.000000
$EndPAD
$PAD "4"
Shape Rect Layer front
position  1.100000  0.950000  size  1.060000  0.650000  orientation 0.00
drill  0.000000
shape_offset  0.000000  0.000000
$EndPAD
$PAD "5"
Shape Rect Layer front
position  1.100000 -0.950000  size  1.060000  0.650000  orientation 0.00
drill  0.000000
shape_offset  0.000000  0.000000
$EndPAD
$EndMODULE  U12

$MODULE "TP7"
reference "TP7"
value "TestPoint"
footprint "TestPoint:TestPoint_Loop_D1.80mm_Drill1.0mm_Beaded"
attribut none
position 102.870000 81.280000  orientation 0.00
layer front
$PAD "1"
Shape Circle Layer both
position  0.000000  0.000000  size  2.000000  2.000000  orientation 0.00
drill  1.000000
shape_offset  0.000000  0.000000
$EndPAD
$EndMODULE  TP7

$MODULE "LS1"
reference "LS1"
value "Speaker"
footprint "Buzzer_Beeper:MagneticBuzzer_Kingstate_KCG0601"
attribut none
position 80.010000 106.680000  orientation 180.00
layer front
$PAD "1"
Shape Rect Layer both
position  0.000000  0.000000  size  1.600000  1.600000  orientation 0.00
drill  1.000000
shape_offset  0.000000  0.000000
$EndPAD
$PAD "2"
Shape Circle Layer both
position  3.200000  0.000000  size  1.600000  1.600000  orientation 0.00
drill  1.000000
shape_offset  0.000000  0.000000
$EndPAD
$EndMODULE  LS1

$MODULE "C19"
reference "C19"
value "1uF"
footprint "Capacitor_THT:CP_Radial_D5.0mm_P2.50mm"
attribut none
position 74.930000 96.520000  orientation 0.00
layer front
$PAD "1"
Shape Rect Layer both
position  0.000000  0.000000  size  1.600000  1.600000  orientation 0.00
drill  0.800000
shape_offset  0.000000  0.000000
$EndPAD
$PAD "2"
Shape Circle Layer both
position  2.500000  0.000000  size  1.600000  1.600000  orientation 0.00
drill  0.800000
shape_offset  0.000000  0.000000
$EndPAD
$EndMODULE  C19

$MODULE "RN4"
reference "RN4"
value "4K7"
footprint "Resistor_SMD:R_Array_Convex_4x1206"
attribut smd
position 116.840000 57.150000  orientation 0.00
layer front
$PAD "1"
Shape Rect Layer front
position -1.500000 -2.000000  size  0.900000  0.900000  orientation 0.00
drill  0.000000
shape_offset  0.000000  0.000000
$EndPAD
$PAD "4"
Shape Rect Layer front
position -1.500000  2.000000  size  0.900000  0.900000  orientation 0.00
drill  0.000000
shape_offset  0.000000  0.000000
$EndPAD
$PAD "2"
Shape Rect Layer front
position -1.500000 -0.660000  size  0.900000  0.900000  orientation 0.00
drill  0.000000
shape_offset  0.000000  0.000000
$EndPAD
$PAD "3"
Shape Rect Layer front
position -1.500000  0.660000  size  0.900000  0.900000  orientation 0.00
drill  0.000000
shape_offset  0.000000  0.000000
$EndPAD
$PAD "7"
Shape Rect Layer front
position  1.500000 -0.660000  size  0.900000  0.900000  orientation 0.00
drill  0.000000
shape_offset  0.000000  0.000000
$EndPAD
$PAD "8"
Shape Rect Layer front
position  1.500000 -2.000000  size  0.900000  0.900000  orientation 0.00
drill  0.000000
shape_offset  0.000000  0.000000
$EndPAD
$PAD "5"
Shape Rect Layer front
position  1.500000  2.000000  size  0.900000  0.900000  orientation 0.00
drill  0.000000
shape_offset  0.000000  0.000000
$EndPAD
$PAD "6"
Shape Rect Layer front
position  1.500000  0.660000  size  0.900000  0.900000  orientation 0.00
drill  0.000000
shape_offset  0.000000  0.000000
$EndPAD
$EndMODULE  RN4

$MODULE "TP1"
reference "TP1"
value "TestPoint"
footprint "TestPoint:TestPoint_Loop_D1.80mm_Drill1.0mm_Beaded"
attribut none
position 113.030000 142.240000  orientation 0.00
layer front
$PAD "1"
Shape Circle Layer both
position  0.000000  0.000000  size  2.000000  2.000000  orientation 0.00
drill  1.000000
shape_offset  0.000000  0.000000
$EndPAD
$EndMODULE  TP1

$MODULE "TP2"
reference "TP2"
value "TestPoint"
footprint "TestPoint:TestPoint_Loop_D1.80mm_Drill1.0mm_Beaded"
attribut none
position 59.690000 48.895000  orientation 0.00
layer front
$PAD "1"
Shape Circle Layer both
position  0.000000  0.000000  size  2.000000  2.000000  orientation 0.00
drill  1.000000
shape_offset  0.000000  0.000000
$EndPAD
$EndMODULE  TP2

$MODULE "D8"
reference "D8"
value "LED"
footprint "LED_SMD:LED_PLCC-2"
attribut smd
position 80.645000 127.000000  orientation 0.00
layer front
$PAD "1"
Shape Rect Layer front
position -1.500000  0.000000  size  1.500000  2.600000  orientation 0.00
drill  0.000000
shape_offset  0.000000  0.000000
$EndPAD
$PAD "2"
Shape Rect Layer front
position  1.500000  0.000000  size  1.500000  2.600000  orientation 0.00
drill  0.000000
shape_offset  0.000000  0.000000
$EndPAD
$EndMODULE  D8

$MODULE "D7"
reference "D7"
value "SMAJ8.0CA Bourns 9V"
footprint "Diode_SMD:D_SMA_Handsoldering"
attribut smd
position 78.740000 44.450000  orientation 90.00
layer front
$PAD "1"
Shape Rect Layer front
position -2.500000  0.000000  size  3.500000  1.800000  orientation 0.00
drill  0.000000
shape_offset  0.000000  0.000000
$EndPAD
$PAD "2"
Shape Rect Layer front
position  2.500000  0.000000  size  3.500000  1.800000  orientation 0.00
drill  0.000000
shape_offset  0.000000  0.000000
$EndPAD
$EndMODULE  D7

$MODULE "D1"
reference "D1"
value "LED"
footprint "LED_SMD:LED_PLCC-2"
attribut smd
position 90.170000 106.680000  orientation 0.00
layer front
$PAD "1"
Shape Rect Layer front
position -1.500000  0.000000  size  1.500000  2.600000  orientation 0.00
drill  0.000000
shape_offset  0.000000  0.000000
$EndPAD
$PAD "2"
Shape Rect Layer front
position  1.500000  0.000000  size  1.500000  2.600000  orientation 0.00
drill  0.000000
shape_offset  0.000000  0.000000
$EndPAD
$EndMODULE  D1

$MODULE "C18"
reference "C18"
value "10uF"
footprint "Capacitor_THT:CP_Radial_D5.0mm_P2.50mm"
attribut none
position 106.680000 138.430000  orientation 0.00
layer front
$PAD "1"
Shape Rect Layer both
position  0.000000  0.000000  size  1.600000  1.600000  orientation 0.00
drill  0.800000
shape_offset  0.000000  0.000000
$EndPAD
$PAD "2"
Shape Circle Layer both
position  2.500000  0.000000  size  1.600000  1.600000  orientation 0.00
drill  0.800000
shape_offset  0.000000  0.000000
$EndPAD
$EndMODULE  C18

$MODULE "C16"
reference "C16"
value "100uF"
footprint "Capacitor_THT:CP_Radial_D5.0mm_P2.50mm"
attribut none
position 81.280000 91.440000  orientation 0.00
layer front
$PAD "2"
Shape Circle Layer both
position  2.500000  0.000000  size  1.600000  1.600000  orientation 0.00
drill  0.800000
shape_offset  0.000000  0.000000
$EndPAD
$PAD "1"
Shape Rect Layer both
position  0.000000  0.000000  size  1.600000  1.600000  orientation 0.00
drill  0.800000
shape_offset  0.000000  0.000000
$EndPAD
$EndMODULE  C16

$MODULE "C17"
reference "C17"
value "100uF"
footprint "Capacitor_THT:CP_Radial_D5.0mm_P2.50mm"
attribut none
position 64.135000 48.260000  orientation 0.00
layer front
$PAD "1"
Shape Rect Layer both
position  0.000000  0.000000  size  1.600000  1.600000  orientation 0.00
drill  0.800000
shape_offset  0.000000  0.000000
$EndPAD
$PAD "2"
Shape Circle Layer both
position  2.500000  0.000000  size  1.600000  1.600000  orientation 0.00
drill  0.800000
shape_offset  0.000000  0.000000
$EndPAD
$EndMODULE  C17

$MODULE "C15"
reference "C15"
value "100nF"
footprint "Capacitor_THT:C_Disc_D7.5mm_W2.5mm_P5.00mm"
attribut none
position 85.090000 100.330000  orientation 0.00
layer front
$PAD "1"
Shape Circle Layer both
position  0.000000  0.000000  size  2.000000  2.000000  orientation 0.00
drill  1.000000
shape_offset  0.000000  0.000000
$EndPAD
$PAD "2"
Shape Circle Layer both
position  5.000000  0.000000  size  2.000000  2.000000  orientation 0.00
drill  1.000000
shape_offset  0.000000  0.000000
$EndPAD
$EndMODULE  C15

$MODULE "D2"
reference "D2"
value "LED"
footprint "LED_SMD:LED_PLCC-2"
attribut smd
position 90.170000 113.030000  orientation 0.00
layer front
$PAD "2"
Shape Rect Layer front
position  1.500000  0.000000  size  1.500000  2.600000  orientation 0.00
drill  0.000000
shape_offset  0.000000  0.000000
$EndPAD
$PAD "1"
Shape Rect Layer front
position -1.500000  0.000000  size  1.500000  2.600000  orientation 0.00
drill  0.000000
shape_offset  0.000000  0.000000
$EndPAD
$EndMODULE  D2

$MODULE "D5"
reference "D5"
value "LED"
footprint "LED_SMD:LED_PLCC-2"
attribut smd
position 96.520000 119.380000  orientation 0.00
layer front
$PAD "1"
Shape Rect Layer front
position -1.500000  0.000000  size  1.500000  2.600000  orientation 0.00
drill  0.000000
shape_offset  0.000000  0.000000
$EndPAD
$PAD "2"
Shape Rect Layer front
position  1.500000  0.000000  size  1.500000  2.600000  orientation 0.00
drill  0.000000
shape_offset  0.000000  0.000000
$EndPAD
$EndMODULE  D5

$MODULE "D6"
reference "D6"
value "LED"
footprint "LED_SMD:LED_PLCC-2"
attribut smd
position 96.520000 125.730000  orientation 0.00
layer front
$PAD "2"
Shape Rect Layer front
position  1.500000  0.000000  size  1.500000  2.600000  orientation 0.00
drill  0.000000
shape_offset  0.000000  0.000000
$EndPAD
$PAD "1"
Shape Rect Layer front
position -1.500000  0.000000  size  1.500000  2.600000  orientation 0.00
drill  0.000000
shape_offset  0.000000  0.000000
$EndPAD
$EndMODULE  D6

$MODULE "RN2"
reference "RN2"
value "470R"
footprint "Resistor_SMD:R_Array_Convex_4x1206"
attribut smd
position 105.410000 120.650000  orientation 0.00
layer front
$PAD "6"
Shape Rect Layer front
position  1.500000  0.660000  size  0.900000  0.900000  orientation 0.00
drill  0.000000
shape_offset  0.000000  0.000000
$EndPAD
$PAD "5"
Shape Rect Layer front
position  1.500000  2.000000  size  0.900000  0.900000  orientation 0.00
drill  0.000000
shape_offset  0.000000  0.000000
$EndPAD
$PAD "8"
Shape Rect Layer front
position  1.500000 -2.000000  size  0.900000  0.900000  orientation 0.00
drill  0.000000
shape_offset  0.000000  0.000000
$EndPAD
$PAD "7"
Shape Rect Layer front
position  1.500000 -0.660000  size  0.900000  0.900000  orientation 0.00
drill  0.000000
shape_offset  0.000000  0.000000
$EndPAD
$PAD "3"
Shape Rect Layer front
position -1.500000  0.660000  size  0.900000  0.900000  orientation 0.00
drill  0.000000
shape_offset  0.000000  0.000000
$EndPAD
$PAD "2"
Shape Rect Layer front
position -1.500000 -0.660000  size  0.900000  0.900000  orientation 0.00
drill  0.000000
shape_offset  0.000000  0.000000
$EndPAD
$PAD "4"
Shape Rect Layer front
position -1.500000  2.000000  size  0.900000  0.900000  orientation 0.00
drill  0.000000
shape_offset  0.000000  0.000000
$EndPAD
$PAD "1"
Shape Rect Layer front
position -1.500000 -2.000000  size  0.900000  0.900000  orientation 0.00
drill  0.000000
shape_offset  0.000000  0.000000
$EndPAD
$EndMODULE  RN2

$MODULE "RN3"
reference "RN3"
value "470R"
footprint "Resistor_SMD:R_Array_Convex_4x1206"
attribut smd
position 105.410000 111.760000  orientation 0.00
layer front
$PAD "1"
Shape Rect Layer front
position -1.500000 -2.000000  size  0.900000  0.900000  orientation 0.00
drill  0.000000
shape_offset  0.000000  0.000000
$EndPAD
$PAD "4"
Shape Rect Layer front
position -1.500000  2.000000  size  0.900000  0.900000  orientation 0.00
drill  0.000000
shape_offset  0.000000  0.000000
$EndPAD
$PAD "2"
Shape Rect Layer front
position -1.500000 -0.660000  size  0.900000  0.900000  orientation 0.00
drill  0.000000
shape_offset  0.000000  0.000000
$EndPAD
$PAD "3"
Shape Rect Layer front
position -1.500000  0.660000  size  0.900000  0.900000  orientation 0.00
drill  0.000000
shape_offset  0.000000  0.000000
$EndPAD
$PAD "7"
Shape Rect Layer front
position  1.500000 -0.660000  size  0.900000  0.900000  orientation 0.00
drill  0.000000
shape_offset  0.000000  0.000000
$EndPAD
$PAD "8"
Shape Rect Layer front
position  1.500000 -2.000000  size  0.900000  0.900000  orientation 0.00
drill  0.000000
shape_offset  0.000000  0.000000
$EndPAD
$PAD "5"
Shape Rect Layer front
position  1.500000  2.000000  size  0.900000  0.900000  orientation 0.00
drill  0.000000
shape_offset  0.000000  0.000000
$EndPAD
$PAD "6"
Shape Rect Layer front
position  1.500000  0.660000  size  0.900000  0.900000  orientation 0.00
drill  0.000000
shape_offset  0.000000  0.000000
$EndPAD
$EndMODULE  RN3

$MODULE "J2"
reference "J2"
value "Conn_01x04_Male"
footprint "Connector_PinHeader_2.54mm:PinHeader_1x04_P2.54mm_Vertical"
attribut none
position 73.660000 118.110000  orientation 0.00
layer front
$PAD "1"
Shape Rect Layer both
position  0.000000  0.000000  size  1.700000  1.700000  orientation 0.00
drill  1.000000
shape_offset  0.000000  0.000000
$EndPAD
$PAD "2"
Shape Oval Layer both
position  0.000000  2.540000  size  1.700000  1.700000  orientation 0.00
drill  1.000000
shape_offset  0.000000  0.000000
$EndPAD
$PAD "3"
Shape Oval Layer both
position  0.000000  5.080000  size  1.700000  1.700000  orientation 0.00
drill  1.000000
shape_offset  0.000000  0.000000
$EndPAD
$PAD "4"
Shape Oval Layer both
position  0.000000  7.620000  size  1.700000  1.700000  orientation 0.00
drill  1.000000
shape_offset  0.000000  0.000000
$EndPAD
$EndMODULE  J2

$MODULE "D4"
reference "D4"
value "LED"
footprint "LED_SMD:LED_PLCC-2"
attribut smd
position 90.170000 125.730000  orientation 0.00
layer front
$PAD "2"
Shape Rect Layer front
position  1.500000  0.000000  size  1.500000  2.600000  orientation 0.00
drill  0.000000
shape_offset  0.000000  0.000000
$EndPAD
$PAD "1"
Shape Rect Layer front
position -1.500000  0.000000  size  1.500000  2.600000  orientation 0.00
drill  0.000000
shape_offset  0.000000  0.000000
$EndPAD
$EndMODULE  D4

$MODULE "D3"
reference "D3"
value "LED"
footprint "LED_SMD:LED_PLCC-2"
attribut smd
position 90.170000 119.380000  orientation 0.00
layer front
$PAD "1"
Shape Rect Layer front
position -1.500000  0.000000  size  1.500000  2.600000  orientation 0.00
drill  0.000000
shape_offset  0.000000  0.000000
$EndPAD
$PAD "2"
Shape Rect Layer front
position  1.500000  0.000000  size  1.500000  2.600000  orientation 0.00
drill  0.000000
shape_offset  0.000000  0.000000
$EndPAD
$EndMODULE  D3

$MODULE "C13"
reference "C13"
value "10uF"
footprint "Capacitor_THT:CP_Radial_D5.0mm_P2.50mm"
attribut none
position 105.410000 88.900000  orientation 0.00
layer front
$PAD "1"
Shape Rect Layer both
position  0.000000  0.000000  size  1.600000  1.600000  orientation 0.00
drill  0.800000
shape_offset  0.000000  0.000000
$EndPAD
$PAD "2"
Shape Circle Layer both
position  2.500000  0.000000  size  1.600000  1.600000  orientation 0.00
drill  0.800000
shape_offset  0.000000  0.000000
$EndPAD
$EndMODULE  C13

$MODULE "C12"
reference "C12"
value "1uF"
footprint "Capacitor_THT:CP_Radial_D5.0mm_P2.50mm"
attribut none
position 119.380000 50.800000  orientation 0.00
layer front
$PAD "2"
Shape Circle Layer both
position  2.500000  0.000000  size  1.600000  1.600000  orientation 0.00
drill  0.800000
shape_offset  0.000000  0.000000
$EndPAD
$PAD "1"
Shape Rect Layer both
position  0.000000  0.000000  size  1.600000  1.600000  orientation 0.00
drill  0.800000
shape_offset  0.000000  0.000000
$EndPAD
$EndMODULE  C12

$MODULE "C14"
reference "C14"
value "1uF"
footprint "Capacitor_THT:CP_Radial_D5.0mm_P2.50mm"
attribut none
position 73.660000 59.690000  orientation 0.00
layer front
$PAD "1"
Shape Rect Layer both
position  0.000000  0.000000  size  1.600000  1.600000  orientation 0.00
drill  0.800000
shape_offset  0.000000  0.000000
$EndPAD
$PAD "2"
Shape Circle Layer both
position  2.500000  0.000000  size  1.600000  1.600000  orientation 0.00
drill  0.800000
shape_offset  0.000000  0.000000
$EndPAD
$EndMODULE  C14

$MODULE "U10"
reference "U10"
value "MPL315A2"
footprint "Package_LGA:LGA-8_3x5mm_P1.25mm"
attribut smd
position 87.630000 93.980000  orientation 0.00
layer front
$PAD "4"
Shape Rect Layer front
position -1.075000  1.875000  size  0.950000  0.550000  orientation 0.00
drill  0.000000
shape_offset  0.000000  0.000000
$EndPAD
$PAD "1"
Shape Rect Layer front
position -1.075000 -1.875000  size  0.950000  0.550000  orientation 0.00
drill  0.000000
shape_offset  0.000000  0.000000
$EndPAD
$PAD "2"
Shape Rect Layer front
position -1.075000 -0.625000  size  0.950000  0.550000  orientation 0.00
drill  0.000000
shape_offset  0.000000  0.000000
$EndPAD
$PAD "3"
Shape Rect Layer front
position -1.075000  0.625000  size  0.950000  0.550000  orientation 0.00
drill  0.000000
shape_offset  0.000000  0.000000
$EndPAD
$PAD "8"
Shape Rect Layer front
position  1.075000 -1.875000  size  0.950000  0.550000  orientation 0.00
drill  0.000000
shape_offset  0.000000  0.000000
$EndPAD
$PAD "7"
Shape Rect Layer front
position  1.075000 -0.625000  size  0.950000  0.550000  orientation 0.00
drill  0.000000
shape_offset  0.000000  0.000000
$EndPAD
$PAD "6"
Shape Rect Layer front
position  1.075000  0.625000  size  0.950000  0.550000  orientation 0.00
drill  0.000000
shape_offset  0.000000  0.000000
$EndPAD
$PAD "5"
Shape Rect Layer front
position  1.075000  1.875000  size  0.950000  0.550000  orientation 0.00
drill  0.000000
shape_offset  0.000000  0.000000
$EndPAD
$EndMODULE  U10

$MODULE "C8"
reference "C8"
value "25pF"
footprint "Capacitor_THT:C_Disc_D7.5mm_W2.5mm_P5.00mm"
attribut none
position 77.470000 77.470000  orientation 180.00
layer front
$PAD "1"
Shape Circle Layer both
position  0.000000  0.000000  size  2.000000  2.000000  orientation 0.00
drill  1.000000
shape_offset  0.000000  0.000000
$EndPAD
$PAD "2"
Shape Circle Layer both
position  5.000000  0.000000  size  2.000000  2.000000  orientation 0.00
drill  1.000000
shape_offset  0.000000  0.000000
$EndPAD
$EndMODULE  C8

$MODULE "C11"
reference "C11"
value "47n"
footprint "Capacitor_SMD:C_1210_3225Metric_Pad1.42x2.65mm_HandSolder"
attribut smd
position 90.170000 58.420000  orientation 180.00
layer front
$PAD "1"
Shape Roundrect Layer front
position -1.487500  0.000000  size  1.425000  2.650000  orientation 0.00
drill  0.000000
shape_offset  0.000000  0.000000
$EndPAD
$PAD "2"
Shape Roundrect Layer front
position  1.487500  0.000000  size  1.425000  2.650000  orientation 0.00
drill  0.000000
shape_offset  0.000000  0.000000
$EndPAD
$EndMODULE  C11

$MODULE "C10"
reference "C10"
value "47n"
footprint "Capacitor_SMD:C_1210_3225Metric_Pad1.42x2.65mm_HandSolder"
attribut smd
position 86.360000 39.370000  orientation 0.00
layer front
$PAD "2"
Shape Roundrect Layer front
position  1.487500  0.000000  size  1.425000  2.650000  orientation 0.00
drill  0.000000
shape_offset  0.000000  0.000000
$EndPAD
$PAD "1"
Shape Roundrect Layer front
position -1.487500  0.000000  size  1.425000  2.650000  orientation 0.00
drill  0.000000
shape_offset  0.000000  0.000000
$EndPAD
$EndMODULE  C10

$MODULE "C9"
reference "C9"
value "47n"
footprint "Capacitor_SMD:C_1210_3225Metric_Pad1.42x2.65mm_HandSolder"
attribut smd
position 73.877500 53.340000  orientation 0.00
layer front
$PAD "1"
Shape Roundrect Layer front
position -1.487500  0.000000  size  1.425000  2.650000  orientation 0.00
drill  0.000000
shape_offset  0.000000  0.000000
$EndPAD
$PAD "2"
Shape Roundrect Layer front
position  1.487500  0.000000  size  1.425000  2.650000  orientation 0.00
drill  0.000000
shape_offset  0.000000  0.000000
$EndPAD
$EndMODULE  C9

$MODULE "C7"
reference "C7"
value "47n"
footprint "Capacitor_SMD:C_1210_3225Metric_Pad1.42x2.65mm_HandSolder"
attribut smd
position 83.820000 64.770000  orientation 0.00
layer front
$PAD "1"
Shape Roundrect Layer front
position -1.487500  0.000000  size  1.425000  2.650000  orientation 0.00
drill  0.000000
shape_offset  0.000000  0.000000
$EndPAD
$PAD "2"
Shape Roundrect Layer front
position  1.487500  0.000000  size  1.425000  2.650000  orientation 0.00
drill  0.000000
shape_offset  0.000000  0.000000
$EndPAD
$EndMODULE  C7

$MODULE "C6"
reference "C6"
value "47n"
footprint "Capacitor_SMD:C_1210_3225Metric_Pad1.42x2.65mm_HandSolder"
attribut smd
position 90.170000 64.770000  orientation 0.00
layer front
$PAD "2"
Shape Roundrect Layer front
position  1.487500  0.000000  size  1.425000  2.650000  orientation 0.00
drill  0.000000
shape_offset  0.000000  0.000000
$EndPAD
$PAD "1"
Shape Roundrect Layer front
position -1.487500  0.000000  size  1.425000  2.650000  orientation 0.00
drill  0.000000
shape_offset  0.000000  0.000000
$EndPAD
$EndMODULE  C6

$MODULE "C5"
reference "C5"
value "47n"
footprint "Capacitor_SMD:C_1210_3225Metric_Pad1.42x2.65mm_HandSolder"
attribut smd
position 73.660000 43.180000  orientation 180.00
layer front
$PAD "1"
Shape Roundrect Layer front
position -1.487500  0.000000  size  1.425000  2.650000  orientation 0.00
drill  0.000000
shape_offset  0.000000  0.000000
$EndPAD
$PAD "2"
Shape Roundrect Layer front
position  1.487500  0.000000  size  1.425000  2.650000  orientation 0.00
drill  0.000000
shape_offset  0.000000  0.000000
$EndPAD
$EndMODULE  C5

$MODULE "U8"
reference "U8"
value "74HC04"
footprint "Package_SO:SOIC-14_3.9x8.7mm_P1.27mm"
attribut smd
position 96.520000 73.660000  orientation 0.00
layer front
$PAD "1"
Shape Rect Layer front
position -2.700000 -3.810000  size  1.500000  0.600000  orientation 0.00
drill  0.000000
shape_offset  0.000000  0.000000
$EndPAD
$PAD "2"
Shape Rect Layer front
position -2.700000 -2.540000  size  1.500000  0.600000  orientation 0.00
drill  0.000000
shape_offset  0.000000  0.000000
$EndPAD
$PAD "3"
Shape Rect Layer front
position -2.700000 -1.270000  size  1.500000  0.600000  orientation 0.00
drill  0.000000
shape_offset  0.000000  0.000000
$EndPAD
$PAD "4"
Shape Rect Layer front
position -2.700000  0.000000  size  1.500000  0.600000  orientation 0.00
drill  0.000000
shape_offset  0.000000  0.000000
$EndPAD
$PAD "5"
Shape Rect Layer front
position -2.700000  1.270000  size  1.500000  0.600000  orientation 0.00
drill  0.000000
shape_offset  0.000000  0.000000
$EndPAD
$PAD "6"
Shape Rect Layer front
position -2.700000  2.540000  size  1.500000  0.600000  orientation 0.00
drill  0.000000
shape_offset  0.000000  0.000000
$EndPAD
$PAD "7"
Shape Rect Layer front
position -2.700000  3.810000  size  1.500000  0.600000  orientation 0.00
drill  0.000000
shape_offset  0.000000  0.000000
$EndPAD
$PAD "8"
Shape Rect Layer front
position  2.700000  3.810000  size  1.500000  0.600000  orientation 0.00
drill  0.000000
shape_offset  0.000000  0.000000
$EndPAD
$PAD "9"
Shape Rect Layer front
position  2.700000  2.540000  size  1.500000  0.600000  orientation 0.00
drill  0.000000
shape_offset  0.000000  0.000000
$EndPAD
$PAD "10"
Shape Rect Layer front
position  2.700000  1.270000  size  1.500000  0.600000  orientation 0.00
drill  0.000000
shape_offset  0.000000  0.000000
$EndPAD
$PAD "11"
Shape Rect Layer front
position  2.700000  0.000000  size  1.500000  0.600000  orientation 0.00
drill  0.000000
shape_offset  0.000000  0.000000
$EndPAD
$PAD "12"
Shape Rect Layer front
position  2.700000 -1.270000  size  1.500000  0.600000  orientation 0.00
drill  0.000000
shape_offset  0.000000  0.000000
$EndPAD
$PAD "13"
Shape Rect Layer front
position  2.700000 -2.540000  size  1.500000  0.600000  orientation 0.00
drill  0.000000
shape_offset  0.000000  0.000000
$EndPAD
$PAD "14"
Shape Rect Layer front
position  2.700000 -3.810000  size  1.500000  0.600000  orientation 0.00
drill  0.000000
shape_offset  0.000000  0.000000
$EndPAD
$EndMODULE  U8

$MODULE "TP6"
reference "TP6"
value "TestPoint"
footprint "TestPoint:TestPoint_Loop_D1.80mm_Drill1.0mm_Beaded"
attribut none
position 64.135000 56.515000  orientation 0.00
layer front
$PAD "1"
Shape Circle Layer both
position  0.000000  0.000000  size  2.000000  2.000000  orientation 0.00
drill  1.000000
shape_offset  0.000000  0.000000
$EndPAD
$EndMODULE  TP6

$MODULE "TP13"
reference "TP13"
value "TestPoint"
footprint "TestPoint:TestPoint_Loop_D1.80mm_Drill1.0mm_Beaded"
attribut none
position 116.840000 45.720000  orientation 0.00
layer front
$PAD "1"
Shape Circle Layer both
position  0.000000  0.000000  size  2.000000  2.000000  orientation 0.00
drill  1.000000
shape_offset  0.000000  0.000000
$EndPAD
$EndMODULE  TP13

$MODULE "TP12"
reference "TP12"
value "TestPoint"
footprint "TestPoint:TestPoint_Loop_D1.80mm_Drill1.0mm_Beaded"
attribut none
position 80.010000 115.570000  orientation 0.00
layer front
$PAD "1"
Shape Circle Layer both
position  0.000000  0.000000  size  2.000000  2.000000  orientation 0.00
drill  1.000000
shape_offset  0.000000  0.000000
$EndPAD
$EndMODULE  TP12

$MODULE "TP11"
reference "TP11"
value "TestPoint"
footprint "TestPoint:TestPoint_Loop_D1.80mm_Drill1.0mm_Beaded"
attribut none
position 80.010000 121.920000  orientation 0.00
layer front
$PAD "1"
Shape Circle Layer both
position  0.000000  0.000000  size  2.000000  2.000000  orientation 0.00
drill  1.000000
shape_offset  0.000000  0.000000
$EndPAD
$EndMODULE  TP11

$MODULE "TP10"
reference "TP10"
value "TestPoint"
footprint "TestPoint:TestPoint_Loop_D1.80mm_Drill1.0mm_Beaded"
attribut none
position 95.885000 105.410000  orientation 0.00
layer front
$PAD "1"
Shape Circle Layer both
position  0.000000  0.000000  size  2.000000  2.000000  orientation 0.00
drill  1.000000
shape_offset  0.000000  0.000000
$EndPAD
$EndMODULE  TP10

$MODULE "TP8"
reference "TP8"
value "TestPoint"
footprint "TestPoint:TestPoint_Loop_D1.80mm_Drill1.0mm_Beaded"
attribut none
position 59.690000 56.515000  orientation 0.00
layer front
$PAD "1"
Shape Circle Layer both
position  0.000000  0.000000  size  2.000000  2.000000  orientation 0.00
drill  1.000000
shape_offset  0.000000  0.000000
$EndPAD
$EndMODULE  TP8

$MODULE "TP5"
reference "TP5"
value "TestPoint"
footprint "TestPoint:TestPoint_Loop_D1.80mm_Drill1.0mm_Beaded"
attribut none
position 78.740000 36.830000  orientation 0.00
layer front
$PAD "1"
Shape Circle Layer both
position  0.000000  0.000000  size  2.000000  2.000000  orientation 0.00
drill  1.000000
shape_offset  0.000000  0.000000
$EndPAD
$EndMODULE  TP5

$MODULE "TP4"
reference "TP4"
value "TestPoint"
footprint "TestPoint:TestPoint_Loop_D1.80mm_Drill1.0mm_Beaded"
attribut none
position 68.580000 56.515000  orientation 0.00
layer front
$PAD "1"
Shape Circle Layer both
position  0.000000  0.000000  size  2.000000  2.000000  orientation 0.00
drill  1.000000
shape_offset  0.000000  0.000000
$EndPAD
$EndMODULE  TP4

$MODULE "TP3"
reference "TP3"
value "TestPoint"
footprint "TestPoint:TestPoint_Loop_D1.80mm_Drill1.0mm_Beaded"
attribut none
position 85.090000 74.930000  orientation 0.00
layer front
$PAD "1"
Shape Circle Layer both
position  0.000000  0.000000  size  2.000000  2.000000  orientation 0.00
drill  1.000000
shape_offset  0.000000  0.000000
$EndPAD
$EndMODULE  TP3

$MODULE "TP9"
reference "TP9"
value "TestPoint"
footprint "TestPoint:TestPoint_Loop_D1.80mm_Drill1.0mm_Beaded"
attribut none
position 107.950000 81.280000  orientation 0.00
layer front
$PAD "1"
Shape Circle Layer both
position  0.000000  0.000000  size  2.000000  2.000000  orientation 0.00
drill  1.000000
shape_offset  0.000000  0.000000
$EndPAD
$EndMODULE  TP9

$MODULE "U3"
reference "U3"
value "HMC544A-RF_Switch"
footprint "Package_TO_SOT_SMD:SOT-23-6_Handsoldering"
attribut smd
position 82.550000 58.420000  orientation 0.00
layer front
$PAD "1"
Shape Rect Layer front
position -1.350000 -0.950000  size  1.560000  0.650000  orientation 0.00
drill  0.000000
shape_offset  0.000000  0.000000
$EndPAD
$PAD "2"
Shape Rect Layer front
position -1.350000  0.000000  size  1.560000  0.650000  orientation 0.00
drill  0.000000
shape_offset  0.000000  0.000000
$EndPAD
$PAD "3"
Shape Rect Layer front
position -1.350000  0.950000  size  1.560000  0.650000  orientation 0.00
drill  0.000000
shape_offset  0.000000  0.000000
$EndPAD
$PAD "4"
Shape Rect Layer front
position  1.350000  0.950000  size  1.560000  0.650000  orientation 0.00
drill  0.000000
shape_offset  0.000000  0.000000
$EndPAD
$PAD "6"
Shape Rect Layer front
position  1.350000 -0.950000  size  1.560000  0.650000  orientation 0.00
drill  0.000000
shape_offset  0.000000  0.000000
$EndPAD
$PAD "5"
Shape Rect Layer front
position  1.350000  0.000000  size  1.560000  0.650000  orientation 0.00
drill  0.000000
shape_offset  0.000000  0.000000
$EndPAD
$EndMODULE  U3

$MODULE "U7"
reference "U7"
value "ADG729"
footprint "Package_SO:TSSOP-16_4.4x5mm_P0.65mm"
attribut smd
position 96.520000 93.980000  orientation 0.00
layer front
$PAD "1"
Shape Rect Layer front
position -2.950000 -2.275000  size  1.500000  0.450000  orientation 0.00
drill  0.000000
shape_offset  0.000000  0.000000
$EndPAD
$PAD "2"
Shape Rect Layer front
position -2.950000 -1.625000  size  1.500000  0.450000  orientation 0.00
drill  0.000000
shape_offset  0.000000  0.000000
$EndPAD
$PAD "3"
Shape Rect Layer front
position -2.950000 -0.975000  size  1.500000  0.450000  orientation 0.00
drill  0.000000
shape_offset  0.000000  0.000000
$EndPAD
$PAD "4"
Shape Rect Layer front
position -2.950000 -0.325000  size  1.500000  0.450000  orientation 0.00
drill  0.000000
shape_offset  0.000000  0.000000
$EndPAD
$PAD "5"
Shape Rect Layer front
position -2.950000  0.325000  size  1.500000  0.450000  orientation 0.00
drill  0.000000
shape_offset  0.000000  0.000000
$EndPAD
$PAD "6"
Shape Rect Layer front
position -2.950000  0.975000  size  1.500000  0.450000  orientation 0.00
drill  0.000000
shape_offset  0.000000  0.000000
$EndPAD
$PAD "7"
Shape Rect Layer front
position -2.950000  1.625000  size  1.500000  0.450000  orientation 0.00
drill  0.000000
shape_offset  0.000000  0.000000
$EndPAD
$PAD "8"
Shape Rect Layer front
position -2.950000  2.275000  size  1.500000  0.450000  orientation 0.00
drill  0.000000
shape_offset  0.000000  0.000000
$EndPAD
$PAD "9"
Shape Rect Layer front
position  2.950000  2.275000  size  1.500000  0.450000  orientation 0.00
drill  0.000000
shape_offset  0.000000  0.000000
$EndPAD
$PAD "10"
Shape Rect Layer front
position  2.950000  1.625000  size  1.500000  0.450000  orientation 0.00
drill  0.000000
shape_offset  0.000000  0.000000
$EndPAD
$PAD "11"
Shape Rect Layer front
position  2.950000  0.975000  size  1.500000  0.450000  orientation 0.00
drill  0.000000
shape_offset  0.000000  0.000000
$EndPAD
$PAD "12"
Shape Rect Layer front
position  2.950000  0.325000  size  1.500000  0.450000  orientation 0.00
drill  0.000000
shape_offset  0.000000  0.000000
$EndPAD
$PAD "13"
Shape Rect Layer front
position  2.950000 -0.325000  size  1.500000  0.450000  orientation 0.00
drill  0.000000
shape_offset  0.000000  0.000000
$EndPAD
$PAD "14"
Shape Rect Layer front
position  2.950000 -0.975000  size  1.500000  0.450000  orientation 0.00
drill  0.000000
shape_offset  0.000000  0.000000
$EndPAD
$PAD "15"
Shape Rect Layer front
position  2.950000 -1.625000  size  1.500000  0.450000  orientation 0.00
drill  0.000000
shape_offset  0.000000  0.000000
$EndPAD
$PAD "16"
Shape Rect Layer front
position  2.950000 -2.275000  size  1.500000  0.450000  orientation 0.00
drill  0.000000
shape_offset  0.000000  0.000000
$EndPAD
$EndMODULE  U7

$MODULE "U6"
reference "U6"
value "MCP6S93-X_UN"
footprint "Package_SO:MSOP-10_3x3mm_P0.5mm"
attribut smd
position 74.930000 66.040000  orientation 0.00
layer front
$PAD "1"
Shape Rect Layer front
position -2.200000 -1.000000  size  1.400000  0.300000  orientation 0.00
drill  0.000000
shape_offset  0.000000  0.000000
$EndPAD
$PAD "2"
Shape Rect Layer front
position -2.200000 -0.500000  size  1.400000  0.300000  orientation 0.00
drill  0.000000
shape_offset  0.000000  0.000000
$EndPAD
$PAD "3"
Shape Rect Layer front
position -2.200000  0.000000  size  1.400000  0.300000  orientation 0.00
drill  0.000000
shape_offset  0.000000  0.000000
$EndPAD
$PAD "4"
Shape Rect Layer front
position -2.200000  0.500000  size  1.400000  0.300000  orientation 0.00
drill  0.000000
shape_offset  0.000000  0.000000
$EndPAD
$PAD "5"
Shape Rect Layer front
position -2.200000  1.000000  size  1.400000  0.300000  orientation 0.00
drill  0.000000
shape_offset  0.000000  0.000000
$EndPAD
$PAD "6"
Shape Rect Layer front
position  2.200000  1.000000  size  1.400000  0.300000  orientation 0.00
drill  0.000000
shape_offset  0.000000  0.000000
$EndPAD
$PAD "7"
Shape Rect Layer front
position  2.200000  0.500000  size  1.400000  0.300000  orientation 0.00
drill  0.000000
shape_offset  0.000000  0.000000
$EndPAD
$PAD "8"
Shape Rect Layer front
position  2.200000  0.000000  size  1.400000  0.300000  orientation 0.00
drill  0.000000
shape_offset  0.000000  0.000000
$EndPAD
$PAD "9"
Shape Rect Layer front
position  2.200000 -0.500000  size  1.400000  0.300000  orientation 0.00
drill  0.000000
shape_offset  0.000000  0.000000
$EndPAD
$PAD "10"
Shape Rect Layer front
position  2.200000 -1.000000  size  1.400000  0.300000  orientation 0.00
drill  0.000000
shape_offset  0.000000  0.000000
$EndPAD
$EndMODULE  U6

$MODULE "U4"
reference "U4"
value "Opamp_Quad_MCP6024"
footprint "Package_SO:SOIC-14_3.9x8.7mm_P1.27mm"
attribut smd
position 86.360000 82.550000  orientation 0.00
layer front
$PAD "1"
Shape Rect Layer front
position -2.700000 -3.810000  size  1.500000  0.600000  orientation 0.00
drill  0.000000
shape_offset  0.000000  0.000000
$EndPAD
$PAD "2"
Shape Rect Layer front
position -2.700000 -2.540000  size  1.500000  0.600000  orientation 0.00
drill  0.000000
shape_offset  0.000000  0.000000
$EndPAD
$PAD "3"
Shape Rect Layer front
position -2.700000 -1.270000  size  1.500000  0.600000  orientation 0.00
drill  0.000000
shape_offset  0.000000  0.000000
$EndPAD
$PAD "4"
Shape Rect Layer front
position -2.700000  0.000000  size  1.500000  0.600000  orientation 0.00
drill  0.000000
shape_offset  0.000000  0.000000
$EndPAD
$PAD "5"
Shape Rect Layer front
position -2.700000  1.270000  size  1.500000  0.600000  orientation 0.00
drill  0.000000
shape_offset  0.000000  0.000000
$EndPAD
$PAD "6"
Shape Rect Layer front
position -2.700000  2.540000  size  1.500000  0.600000  orientation 0.00
drill  0.000000
shape_offset  0.000000  0.000000
$EndPAD
$PAD "7"
Shape Rect Layer front
position -2.700000  3.810000  size  1.500000  0.600000  orientation 0.00
drill  0.000000
shape_offset  0.000000  0.000000
$EndPAD
$PAD "8"
Shape Rect Layer front
position  2.700000  3.810000  size  1.500000  0.600000  orientation 0.00
drill  0.000000
shape_offset  0.000000  0.000000
$EndPAD
$PAD "9"
Shape Rect Layer front
position  2.700000  2.540000  size  1.500000  0.600000  orientation 0.00
drill  0.000000
shape_offset  0.000000  0.000000
$EndPAD
$PAD "10"
Shape Rect Layer front
position  2.700000  1.270000  size  1.500000  0.600000  orientation 0.00
drill  0.000000
shape_offset  0.000000  0.000000
$EndPAD
$PAD "11"
Shape Rect Layer front
position  2.700000  0.000000  size  1.500000  0.600000  orientation 0.00
drill  0.000000
shape_offset  0.000000  0.000000
$EndPAD
$PAD "12"
Shape Rect Layer front
position  2.700000 -1.270000  size  1.500000  0.600000  orientation 0.00
drill  0.000000
shape_offset  0.000000  0.000000
$EndPAD
$PAD "13"
Shape Rect Layer front
position  2.700000 -2.540000  size  1.500000  0.600000  orientation 0.00
drill  0.000000
shape_offset  0.000000  0.000000
$EndPAD
$PAD "14"
Shape Rect Layer front
position  2.700000 -3.810000  size  1.500000  0.600000  orientation 0.00
drill  0.000000
shape_offset  0.000000  0.000000
$EndPAD
$EndMODULE  U4

$MODULE "C3"
reference "C3"
value "240pF"
footprint "Capacitor_SMD:C_0805_2012Metric_Pad1.15x1.40mm_HandSolder"
attribut smd
position 85.090000 48.260000  orientation 180.00
layer front
$PAD "1"
Shape Roundrect Layer front
position -1.025000  0.000000  size  1.150000  1.400000  orientation 0.00
drill  0.000000
shape_offset  0.000000  0.000000
$EndPAD
$PAD "2"
Shape Roundrect Layer front
position  1.025000  0.000000  size  1.150000  1.400000  orientation 0.00
drill  0.000000
shape_offset  0.000000  0.000000
$EndPAD
$EndMODULE  C3

$MODULE "C1"
reference "C1"
value "1uF"
footprint "Capacitor_THT:CP_Radial_D5.0mm_P2.50mm"
attribut none
position 104.140000 73.660000  orientation 0.00
layer front
$PAD "1"
Shape Rect Layer both
position  0.000000  0.000000  size  1.600000  1.600000  orientation 0.00
drill  0.800000
shape_offset  0.000000  0.000000
$EndPAD
$PAD "2"
Shape Circle Layer both
position  2.500000  0.000000  size  1.600000  1.600000  orientation 0.00
drill  0.800000
shape_offset  0.000000  0.000000
$EndPAD
$EndMODULE  C1

$MODULE "RN1"
reference "RN1"
value "4K7"
footprint "Resistor_SMD:R_Array_Convex_4x1206"
attribut smd
position 97.790000 85.090000  orientation 0.00
layer front
$PAD "1"
Shape Rect Layer front
position -1.500000 -2.000000  size  0.900000  0.900000  orientation 0.00
drill  0.000000
shape_offset  0.000000  0.000000
$EndPAD
$PAD "4"
Shape Rect Layer front
position -1.500000  2.000000  size  0.900000  0.900000  orientation 0.00
drill  0.000000
shape_offset  0.000000  0.000000
$EndPAD
$PAD "2"
Shape Rect Layer front
position -1.500000 -0.660000  size  0.900000  0.900000  orientation 0.00
drill  0.000000
shape_offset  0.000000  0.000000
$EndPAD
$PAD "3"
Shape Rect Layer front
position -1.500000  0.660000  size  0.900000  0.900000  orientation 0.00
drill  0.000000
shape_offset  0.000000  0.000000
$EndPAD
$PAD "7"
Shape Rect Layer front
position  1.500000 -0.660000  size  0.900000  0.900000  orientation 0.00
drill  0.000000
shape_offset  0.000000  0.000000
$EndPAD
$PAD "8"
Shape Rect Layer front
position  1.500000 -2.000000  size  0.900000  0.900000  orientation 0.00
drill  0.000000
shape_offset  0.000000  0.000000
$EndPAD
$PAD "5"
Shape Rect Layer front
position  1.500000  2.000000  size  0.900000  0.900000  orientation 0.00
drill  0.000000
shape_offset  0.000000  0.000000
$EndPAD
$PAD "6"
Shape Rect Layer front
position  1.500000  0.660000  size  0.900000  0.900000  orientation 0.00
drill  0.000000
shape_offset  0.000000  0.000000
$EndPAD
$EndMODULE  RN1

$MODULE "J1"
reference "J1"
value "Conn_Coaxial"
footprint "Connector_Coaxial:SMA_Amphenol_132134-11_Vertical"
attribut none
position 66.040000 38.100000  orientation 0.00
layer front
$PAD "1"
Shape Circle Layer both
position  0.000000  0.000000  size  2.050000  2.050000  orientation 0.00
drill  1.500000
shape_offset  0.000000  0.000000
$EndPAD
$PAD "2"
Shape Circle Layer both
position  2.540000  2.540000  size  2.250000  2.250000  orientation 0.00
drill  1.700000
shape_offset  0.000000  0.000000
$EndPAD
$PAD "2"
Shape Circle Layer both
position  2.540000 -2.540000  size  2.250000  2.250000  orientation 0.00
drill  1.700000
shape_offset  0.000000  0.000000
$EndPAD
$PAD "2"
Shape Circle Layer both
position -2.540000 -2.540000  size  2.250000  2.250000  orientation 0.00
drill  1.700000
shape_offset  0.000000  0.000000
$EndPAD
$PAD "2"
Shape Circle Layer both
position -2.540000  2.540000  size  2.250000  2.250000  orientation 0.00
drill  1.700000
shape_offset  0.000000  0.000000
$EndPAD
$EndMODULE  J1

$MODULE "FB2"
reference "FB2"
value "Ferrite_Bead"
footprint "Inductor_SMD:L_0805_2012Metric"
attribut smd
position 74.295000 80.645000  orientation 180.00
layer front
$PAD "1"
Shape Roundrect Layer front
position -0.937500  0.000000  size  0.975000  1.400000  orientation 0.00
drill  0.000000
shape_offset  0.000000  0.000000
$EndPAD
$PAD "2"
Shape Roundrect Layer front
position  0.937500  0.000000  size  0.975000  1.400000  orientation 0.00
drill  0.000000
shape_offset  0.000000  0.000000
$EndPAD
$EndMODULE  FB2

$MODULE "C2"
reference "C2"
value "560pF"
footprint "Capacitor_SMD:C_0805_2012Metric_Pad1.15x1.40mm_HandSolder"
attribut smd
position 85.090000 43.180000  orientation 180.00
layer front
$PAD "2"
Shape Roundrect Layer front
position  1.025000  0.000000  size  1.150000  1.400000  orientation 0.00
drill  0.000000
shape_offset  0.000000  0.000000
$EndPAD
$PAD "1"
Shape Roundrect Layer front
position -1.025000  0.000000  size  1.150000  1.400000  orientation 0.00
drill  0.000000
shape_offset  0.000000  0.000000
$EndPAD
$EndMODULE  C2

$MODULE "L1"
reference "L1"
value "620nH"
footprint "Inductor_SMD:L_1210_3225Metric_Pad1.42x2.65mm_HandSolder"
attribut smd
position 90.170000 43.180000  orientation 0.00
layer front
$PAD "2"
Shape Roundrect Layer front
position  1.487500  0.000000  size  1.425000  2.650000  orientation 0.00
drill  0.000000
shape_offset  0.000000  0.000000
$EndPAD
$PAD "1"
Shape Roundrect Layer front
position -1.487500  0.000000  size  1.425000  2.650000  orientation 0.00
drill  0.000000
shape_offset  0.000000  0.000000
$EndPAD
$EndMODULE  L1

$MODULE "L2"
reference "L2"
value "1.5uH"
footprint "Inductor_SMD:L_1210_3225Metric_Pad1.42x2.65mm_HandSolder"
attribut smd
position 90.170000 48.260000  orientation 180.00
layer front
$PAD "1"
Shape Roundrect Layer front
position -1.487500  0.000000  size  1.425000  2.650000  orientation 0.00
drill  0.000000
shape_offset  0.000000  0.000000
$EndPAD
$PAD "2"
Shape Roundrect Layer front
position  1.487500  0.000000  size  1.425000  2.650000  orientation 0.00
drill  0.000000
shape_offset  0.000000  0.000000
$EndPAD
$EndMODULE  L2

$MODULE "C4"
reference "C4"
value "10uF"
footprint "Capacitor_THT:CP_Radial_D5.0mm_P2.50mm"
attribut none
position 87.630000 71.120000  orientation 0.00
layer front
$PAD "1"
Shape Rect Layer both
position  0.000000  0.000000  size  1.600000  1.600000  orientation 0.00
drill  0.800000
shape_offset  0.000000  0.000000
$EndPAD
$PAD "2"
Shape Circle Layer both
position  2.500000  0.000000  size  1.600000  1.600000  orientation 0.00
drill  0.800000
shape_offset  0.000000  0.000000
$EndPAD
$EndMODULE  C4

$MODULE "FB1"
reference "FB1"
value "Ferrite_Bead"
footprint "Inductor_SMD:L_0805_2012Metric"
attribut smd
position 82.550000 69.850000  orientation 0.00
layer front
$PAD "1"
Shape Roundrect Layer front
position -0.937500  0.000000  size  0.975000  1.400000  orientation 0.00
drill  0.000000
shape_offset  0.000000  0.000000
$EndPAD
$PAD "2"
Shape Roundrect Layer front
position  0.937500  0.000000  size  0.975000  1.400000  orientation 0.00
drill  0.000000
shape_offset  0.000000  0.000000
$EndPAD
$EndMODULE  FB1

$MODULE "CN2"
reference "CN2"
value "Conn_01x30_Male"
footprint "spatboard:IDC-Pins_2x15_P2.54mm_Vertical"
attribut none
position 66.040000 98.526600  orientation 0.00
layer front
$PAD "1"
Shape Rect Layer both
position  0.000000  0.000000  size  1.727200  1.727200  orientation 0.00
drill  1.016000
shape_offset  0.000000  0.000000
$EndPAD
$PAD "2"
Shape Oval Layer both
position  2.540000  0.000000  size  1.727200  1.727200  orientation 0.00
drill  1.016000
shape_offset  0.000000  0.000000
$EndPAD
$PAD "3"
Shape Oval Layer both
position  0.000000  2.540000  size  1.727200  1.727200  orientation 0.00
drill  1.016000
shape_offset  0.000000  0.000000
$EndPAD
$PAD "4"
Shape Oval Layer both
position  2.540000  2.540000  size  1.727200  1.727200  orientation 0.00
drill  1.016000
shape_offset  0.000000  0.000000
$EndPAD
$PAD "5"
Shape Oval Layer both
position  0.000000  5.080000  size  1.727200  1.727200  orientation 0.00
drill  1.016000
shape_offset  0.000000  0.000000
$EndPAD
$PAD "6"
Shape Oval Layer both
position  2.540000  5.080000  size  1.727200  1.727200  orientation 0.00
drill  1.016000
shape_offset  0.000000  0.000000
$EndPAD
$PAD "7"
Shape Oval Layer both
position  0.000000  7.620000  size  1.727200  1.727200  orientation 0.00
drill  1.016000
shape_offset  0.000000  0.000000
$EndPAD
$PAD "8"
Shape Oval Layer both
position  2.540000  7.620000  size  1.727200  1.727200  orientation 0.00
drill  1.016000
shape_offset  0.000000  0.000000
$EndPAD
$PAD "9"
Shape Oval Layer both
position  0.000000 10.160000  size  1.727200  1.727200  orientation 0.00
drill  1.016000
shape_offset  0.000000  0.000000
$EndPAD
$PAD "10"
Shape Oval Layer both
position  2.540000 10.160000  size  1.727200  1.727200  orientation 0.00
drill  1.016000
shape_offset  0.000000  0.000000
$EndPAD
$PAD "11"
Shape Oval Layer both
position  0.000000 12.700000  size  1.727200  1.727200  orientation 0.00
drill  1.016000
shape_offset  0.000000  0.000000
$EndPAD
$PAD "12"
Shape Oval Layer both
position  2.540000 12.700000  size  1.727200  1.727200  orientation 0.00
drill  1.016000
shape_offset  0.000000  0.000000
$EndPAD
$PAD "13"
Shape Oval Layer both
position  0.000000 15.240000  size  1.727200  1.727200  orientation 0.00
drill  1.016000
shape_offset  0.000000  0.000000
$EndPAD
$PAD "14"
Shape Oval Layer both
position  2.540000 15.240000  size  1.727200  1.727200  orientation 0.00
drill  1.016000
shape_offset  0.000000  0.000000
$EndPAD
$PAD "15"
Shape Oval Layer both
position  0.000000 17.780000  size  1.727200  1.727200  orientation 0.00
drill  1.016000
shape_offset  0.000000  0.000000
$EndPAD
$PAD "16"
Shape Oval Layer both
position  2.540000 17.780000  size  1.727200  1.727200  orientation 0.00
drill  1.016000
shape_offset  0.000000  0.000000
$EndPAD
$PAD "17"
Shape Oval Layer both
position  0.000000 20.320000  size  1.727200  1.727200  orientation 0.00
drill  1.016000
shape_offset  0.000000  0.000000
$EndPAD
$PAD "18"
Shape Oval Layer both
position  2.540000 20.320000  size  1.727200  1.727200  orientation 0.00
drill  1.016000
shape_offset  0.000000  0.000000
$EndPAD
$PAD "19"
Shape Oval Layer both
position  0.000000 22.860000  size  1.727200  1.727200  orientation 0.00
drill  1.016000
shape_offset  0.000000  0.000000
$EndPAD
$PAD "20"
Shape Oval Layer both
position  2.540000 22.860000  size  1.727200  1.727200  orientation 0.00
drill  1.016000
shape_offset  0.000000  0.000000
$EndPAD
$PAD "21"
Shape Oval Layer both
position  0.000000 25.400000  size  1.727200  1.727200  orientation 0.00
drill  1.016000
shape_offset  0.000000  0.000000
$EndPAD
$PAD "22"
Shape Oval Layer both
position  2.540000 25.400000  size  1.727200  1.727200  orientation 0.00
drill  1.016000
shape_offset  0.000000  0.000000
$EndPAD
$PAD "23"
Shape Oval Layer both
position  0.000000 27.940000  size  1.727200  1.727200  orientation 0.00
drill  1.016000
shape_offset  0.000000  0.000000
$EndPAD
$PAD "24"
Shape Oval Layer both
position  2.540000 27.940000  size  1.727200  1.727200  orientation 0.00
drill  1.016000
shape_offset  0.000000  0.000000
$EndPAD
$PAD "25"
Shape Oval Layer both
position  0.000000 30.480000  size  1.727200  1.727200  orientation 0.00
drill  1.016000
shape_offset  0.000000  0.000000
$EndPAD
$PAD "26"
Shape Oval Layer both
position  2.540000 30.480000  size  1.727200  1.727200  orientation 0.00
drill  1.016000
shape_offset  0.000000  0.000000
$EndPAD
$PAD "27"
Shape Oval Layer both
position  0.000000 33.020000  size  1.727200  1.727200  orientation 0.00
drill  1.016000
shape_offset  0.000000  0.000000
$EndPAD
$PAD "28"
Shape Oval Layer both
position  2.540000 33.020000  size  1.727200  1.727200  orientation 0.00
drill  1.016000
shape_offset  0.000000  0.000000
$EndPAD
$PAD "29"
Shape Oval Layer both
position  0.000000 35.560000  size  1.727200  1.727200  orientation 0.00
drill  1.016000
shape_offset  0.000000  0.000000
$EndPAD
$PAD "30"
Shape Oval Layer both
position  2.540000 35.560000  size  1.727200  1.727200  orientation 0.00
drill  1.016000
shape_offset  0.000000  0.000000
$EndPAD
$EndMODULE  CN2

$MODULE "CN3"
reference "CN3"
value "Conn_01x20_Male"
footprint "spatboard:IDC-Pins_2x10_P2.54mm_Vertical"
attribut none
position 111.760000 66.531001  orientation 0.00
layer front
$PAD "1"
Shape Rect Layer both
position  0.000000  0.000000  size  1.727200  1.727200  orientation 0.00
drill  1.016000
shape_offset  0.000000  0.000000
$EndPAD
$PAD "2"
Shape Oval Layer both
position  2.540000  0.000000  size  1.727200  1.727200  orientation 0.00
drill  1.016000
shape_offset  0.000000  0.000000
$EndPAD
$PAD "3"
Shape Oval Layer both
position  0.000000  2.540000  size  1.727200  1.727200  orientation 0.00
drill  1.016000
shape_offset  0.000000  0.000000
$EndPAD
$PAD "4"
Shape Oval Layer both
position  2.540000  2.540000  size  1.727200  1.727200  orientation 0.00
drill  1.016000
shape_offset  0.000000  0.000000
$EndPAD
$PAD "5"
Shape Oval Layer both
position  0.000000  5.080000  size  1.727200  1.727200  orientation 0.00
drill  1.016000
shape_offset  0.000000  0.000000
$EndPAD
$PAD "6"
Shape Oval Layer both
position  2.540000  5.080000  size  1.727200  1.727200  orientation 0.00
drill  1.016000
shape_offset  0.000000  0.000000
$EndPAD
$PAD "7"
Shape Oval Layer both
position  0.000000  7.620000  size  1.727200  1.727200  orientation 0.00
drill  1.016000
shape_offset  0.000000  0.000000
$EndPAD
$PAD "8"
Shape Oval Layer both
position  2.540000  7.620000  size  1.727200  1.727200  orientation 0.00
drill  1.016000
shape_offset  0.000000  0.000000
$EndPAD
$PAD "9"
Shape Oval Layer both
position  0.000000 10.160000  size  1.727200  1.727200  orientation 0.00
drill  1.016000
shape_offset  0.000000  0.000000
$EndPAD
$PAD "10"
Shape Oval Layer both
position  2.540000 10.160000  size  1.727200  1.727200  orientation 0.00
drill  1.016000
shape_offset  0.000000  0.000000
$EndPAD
$PAD "11"
Shape Oval Layer both
position  0.000000 12.700000  size  1.727200  1.727200  orientation 0.00
drill  1.016000
shape_offset  0.000000  0.000000
$EndPAD
$PAD "12"
Shape Oval Layer both
position  2.540000 12.700000  size  1.727200  1.727200  orientation 0.00
drill  1.016000
shape_offset  0.000000  0.000000
$EndPAD
$PAD "13"
Shape Oval Layer both
position  0.000000 15.240000  size  1.727200  1.727200  orientation 0.00
drill  1.016000
shape_offset  0.000000  0.000000
$EndPAD
$PAD "14"
Shape Oval Layer both
position  2.540000 15.240000  size  1.727200  1.727200  orientation 0.00
drill  1.016000
shape_offset  0.000000  0.000000
$EndPAD
$PAD "15"
Shape Oval Layer both
position  0.000000 17.780000  size  1.727200  1.727200  orientation 0.00
drill  1.016000
shape_offset  0.000000  0.000000
$EndPAD
$PAD "16"
Shape Oval Layer both
position  2.540000 17.780000  size  1.727200  1.727200  orientation 0.00
drill  1.016000
shape_offset  0.000000  0.000000
$EndPAD
$PAD "17"
Shape Oval Layer both
position  0.000000 20.320000  size  1.727200  1.727200  orientation 0.00
drill  1.016000
shape_offset  0.000000  0.000000
$EndPAD
$PAD "18"
Shape Oval Layer both
position  2.540000 20.320000  size  1.727200  1.727200  orientation 0.00
drill  1.016000
shape_offset  0.000000  0.000000
$EndPAD
$PAD "19"
Shape Oval Layer both
position  0.000000 22.860000  size  1.727200  1.727200  orientation 0.00
drill  1.016000
shape_offset  0.000000  0.000000
$EndPAD
$PAD "20"
Shape Oval Layer both
position  2.540000 22.860000  size  1.727200  1.727200  orientation 0.00
drill  1.016000
shape_offset  0.000000  0.000000
$EndPAD
$EndMODULE  CN3

$MODULE "CN4"
reference "CN4"
value "Conn_01x34_Male"
footprint "spatboard:IDC-Pins_2x17_P2.54mm_Vertical"
attribut none
position 111.725001 93.455001  orientation 0.00
layer front
$PAD "30"
Shape Oval Layer both
position  2.540000 35.560000  size  1.727200  1.727200  orientation 0.00
drill  1.016000
shape_offset  0.000000  0.000000
$EndPAD
$PAD "29"
Shape Oval Layer both
position  0.000000 35.560000  size  1.727200  1.727200  orientation 0.00
drill  1.016000
shape_offset  0.000000  0.000000
$EndPAD
$PAD "28"
Shape Oval Layer both
position  2.540000 33.020000  size  1.727200  1.727200  orientation 0.00
drill  1.016000
shape_offset  0.000000  0.000000
$EndPAD
$PAD "27"
Shape Oval Layer both
position  0.000000 33.020000  size  1.727200  1.727200  orientation 0.00
drill  1.016000
shape_offset  0.000000  0.000000
$EndPAD
$PAD "26"
Shape Oval Layer both
position  2.540000 30.480000  size  1.727200  1.727200  orientation 0.00
drill  1.016000
shape_offset  0.000000  0.000000
$EndPAD
$PAD "25"
Shape Oval Layer both
position  0.000000 30.480000  size  1.727200  1.727200  orientation 0.00
drill  1.016000
shape_offset  0.000000  0.000000
$EndPAD
$PAD "24"
Shape Oval Layer both
position  2.540000 27.940000  size  1.727200  1.727200  orientation 0.00
drill  1.016000
shape_offset  0.000000  0.000000
$EndPAD
$PAD "23"
Shape Oval Layer both
position  0.000000 27.940000  size  1.727200  1.727200  orientation 0.00
drill  1.016000
shape_offset  0.000000  0.000000
$EndPAD
$PAD "22"
Shape Oval Layer both
position  2.540000 25.400000  size  1.727200  1.727200  orientation 0.00
drill  1.016000
shape_offset  0.000000  0.000000
$EndPAD
$PAD "21"
Shape Oval Layer both
position  0.000000 25.400000  size  1.727200  1.727200  orientation 0.00
drill  1.016000
shape_offset  0.000000  0.000000
$EndPAD
$PAD "20"
Shape Oval Layer both
position  2.540000 22.860000  size  1.727200  1.727200  orientation 0.00
drill  1.016000
shape_offset  0.000000  0.000000
$EndPAD
$PAD "19"
Shape Oval Layer both
position  0.000000 22.860000  size  1.727200  1.727200  orientation 0.00
drill  1.016000
shape_offset  0.000000  0.000000
$EndPAD
$PAD "18"
Shape Oval Layer both
position  2.540000 20.320000  size  1.727200  1.727200  orientation 0.00
drill  1.016000
shape_offset  0.000000  0.000000
$EndPAD
$PAD "17"
Shape Oval Layer both
position  0.000000 20.320000  size  1.727200  1.727200  orientation 0.00
drill  1.016000
shape_offset  0.000000  0.000000
$EndPAD
$PAD "16"
Shape Oval Layer both
position  2.540000 17.780000  size  1.727200  1.727200  orientation 0.00
drill  1.016000
shape_offset  0.000000  0.000000
$EndPAD
$PAD "15"
Shape Oval Layer both
position  0.000000 17.780000  size  1.727200  1.727200  orientation 0.00
drill  1.016000
shape_offset  0.000000  0.000000
$EndPAD
$PAD "14"
Shape Oval Layer both
position  2.540000 15.240000  size  1.727200  1.727200  orientation 0.00
drill  1.016000
shape_offset  0.000000  0.000000
$EndPAD
$PAD "13"
Shape Oval Layer both
position  0.000000 15.240000  size  1.727200  1.727200  orientation 0.00
drill  1.016000
shape_offset  0.000000  0.000000
$EndPAD
$PAD "12"
Shape Oval Layer both
position  2.540000 12.700000  size  1.727200  1.727200  orientation 0.00
drill  1.016000
shape_offset  0.000000  0.000000
$EndPAD
$PAD "11"
Shape Oval Layer both
position  0.000000 12.700000  size  1.727200  1.727200  orientation 0.00
drill  1.016000
shape_offset  0.000000  0.000000
$EndPAD
$PAD "10"
Shape Oval Layer both
position  2.540000 10.160000  size  1.727200  1.727200  orientation 0.00
drill  1.016000
shape_offset  0.000000  0.000000
$EndPAD
$PAD "9"
Shape Oval Layer both
position  0.000000 10.160000  size  1.727200  1.727200  orientation 0.00
drill  1.016000
shape_offset  0.000000  0.000000
$EndPAD
$PAD "8"
Shape Oval Layer both
position  2.540000  7.620000  size  1.727200  1.727200  orientation 0.00
drill  1.016000
shape_offset  0.000000  0.000000
$EndPAD
$PAD "7"
Shape Oval Layer both
position  0.000000  7.620000  size  1.727200  1.727200  orientation 0.00
drill  1.016000
shape_offset  0.000000  0.000000
$EndPAD
$PAD "6"
Shape Oval Layer both
position  2.540000  5.080000  size  1.727200  1.727200  orientation 0.00
drill  1.016000
shape_offset  0.000000  0.000000
$EndPAD
$PAD "5"
Shape Oval Layer both
position  0.000000  5.080000  size  1.727200  1.727200  orientation 0.00
drill  1.016000
shape_offset  0.000000  0.000000
$EndPAD
$PAD "4"
Shape Oval Layer both
position  2.540000  2.540000  size  1.727200  1.727200  orientation 0.00
drill  1.016000
shape_offset  0.000000  0.000000
$EndPAD
$PAD "3"
Shape Oval Layer both
position  0.000000  2.540000  size  1.727200  1.727200  orientation 0.00
drill  1.016000
shape_offset  0.000000  0.000000
$EndPAD
$PAD "2"
Shape Oval Layer both
position  2.540000  0.000000  size  1.727200  1.727200  orientation 0.00
drill  1.016000
shape_offset  0.000000  0.000000
$EndPAD
$PAD "1"
Shape Rect Layer both
position  0.000000  0.000000  size  1.727200  1.727200  orientation 0.00
drill  1.016000
shape_offset  0.000000  0.000000
$EndPAD
$PAD "31"
Shape Oval Layer both
position  0.000000 38.100000  size  1.727200  1.727200  orientation 0.00
drill  1.016000
shape_offset  0.000000  0.000000
$EndPAD
$PAD "32"
Shape Oval Layer both
position  2.540000 38.100000  size  1.727200  1.727200  orientation 0.00
drill  1.016000
shape_offset  0.000000  0.000000
$EndPAD
$PAD "33"
Shape Oval Layer both
position  0.000000 40.640000  size  1.727200  1.727200  orientation 0.00
drill  1.016000
shape_offset  0.000000  0.000000
$EndPAD
$PAD "34"
Shape Oval Layer both
position  2.540000 40.640000  size  1.727200  1.727200  orientation 0.00
drill  1.016000
shape_offset  0.000000  0.000000
$EndPAD
$EndMODULE  CN4

$MODULE "CN1"
reference "CN1"
value "Conn_01x16_Male"
footprint "spatboard:IDC-Pins_2x8_P2.54mm_Vertical"
attribut none
position 66.040000 75.666600  orientation 0.00
layer front
$PAD "16"
Shape Oval Layer both
position  2.540000 17.780000  size  1.727200  1.727200  orientation 0.00
drill  1.016000
shape_offset  0.000000  0.000000
$EndPAD
$PAD "15"
Shape Oval Layer both
position  0.000000 17.780000  size  1.727200  1.727200  orientation 0.00
drill  1.016000
shape_offset  0.000000  0.000000
$EndPAD
$PAD "14"
Shape Oval Layer both
position  2.540000 15.240000  size  1.727200  1.727200  orientation 0.00
drill  1.016000
shape_offset  0.000000  0.000000
$EndPAD
$PAD "13"
Shape Oval Layer both
position  0.000000 15.240000  size  1.727200  1.727200  orientation 0.00
drill  1.016000
shape_offset  0.000000  0.000000
$EndPAD
$PAD "12"
Shape Oval Layer both
position  2.540000 12.700000  size  1.727200  1.727200  orientation 0.00
drill  1.016000
shape_offset  0.000000  0.000000
$EndPAD
$PAD "11"
Shape Oval Layer both
position  0.000000 12.700000  size  1.727200  1.727200  orientation 0.00
drill  1.016000
shape_offset  0.000000  0.000000
$EndPAD
$PAD "10"
Shape Oval Layer both
position  2.540000 10.160000  size  1.727200  1.727200  orientation 0.00
drill  1.016000
shape_offset  0.000000  0.000000
$EndPAD
$PAD "9"
Shape Oval Layer both
position  0.000000 10.160000  size  1.727200  1.727200  orientation 0.00
drill  1.016000
shape_offset  0.000000  0.000000
$EndPAD
$PAD "8"
Shape Oval Layer both
position  2.540000  7.620000  size  1.727200  1.727200  orientation 0.00
drill  1.016000
shape_offset  0.000000  0.000000
$EndPAD
$PAD "7"
Shape Oval Layer both
position  0.000000  7.620000  size  1.727200  1.727200  orientation 0.00
drill  1.016000
shape_offset  0.000000  0.000000
$EndPAD
$PAD "6"
Shape Oval Layer both
position  2.540000  5.080000  size  1.727200  1.727200  orientation 0.00
drill  1.016000
shape_offset  0.000000  0.000000
$EndPAD
$PAD "5"
Shape Oval Layer both
position  0.000000  5.080000  size  1.727200  1.727200  orientation 0.00
drill  1.016000
shape_offset  0.000000  0.000000
$EndPAD
$PAD "4"
Shape Oval Layer both
position  2.540000  2.540000  size  1.727200  1.727200  orientation 0.00
drill  1.016000
shape_offset  0.000000  0.000000
$EndPAD
$PAD "3"
Shape Oval Layer both
position  0.000000  2.540000  size  1.727200  1.727200  orientation 0.00
drill  1.016000
shape_offset  0.000000  0.000000
$EndPAD
$PAD "2"
Shape Oval Layer both
position  2.540000  0.000000  size  1.727200  1.727200  orientation 0.00
drill  1.016000
shape_offset  0.000000  0.000000
$EndPAD
$PAD "1"
Shape Rect Layer both
position  0.000000  0.000000  size  1.727200  1.727200  orientation 0.00
drill  1.016000
shape_offset  0.000000  0.000000
$EndPAD
$EndMODULE  CN1

$EndDESCRIPTION
