Drill report for C:\projects\lightning\kicad\stmsplat1\STM-SPLAT1\stmsplat1.kicad_pcb
Created on 05/01/2019 13:12:11

Copper Layer Stackup:
    =============================================================
    L1 :  F.Cu                      front
    L2 :  B.Cu                      back


Drill file 'stmsplat1-PTH.drl' contains
    plated through holes:
    =============================================================
    T1  0.40mm  0.016"  (125 holes)
    T2  0.50mm  0.020"  (7 holes)
    T3  0.75mm  0.030"  (5 holes)
    T4  0.80mm  0.031"  (40 holes)
    T5  0.91mm  0.036"  (10 holes)
    T6  1.00mm  0.039"  (176 holes)
    T7  1.02mm  0.040"  (100 holes)
    T8  1.50mm  0.059"  (1 hole)
    T9  1.70mm  0.067"  (4 holes)

    Total plated holes count 468


Drill file 'stmsplat1-NPTH.drl' contains
    unplated through holes:
    =============================================================
    T1  3.00mm  0.118"  (6 holes)

    Total unplated holes count 6
