Drill report for C:\projects\lightning\kicad\stmsplat1\STM-SPLAT1\stmsplat1.kicad_pcb
Created on 31/10/2018 15:03:30

Copper Layer Stackup:
    =============================================================
    L1 :  F.Cu                      front
    L2 :  B.Cu                      back


Drill file 'stmsplat1-PTH.drl' contains
    plated through holes:
    =============================================================
    T1  0.91mm  0.036"  (10 holes)
    T2  1.00mm  0.039"  (148 holes)
    T3  1.02mm  0.040"  (100 holes)
    T4  1.20mm  0.047"  (3 holes)
    T5  1.70mm  0.067"  (12 holes)
    T6  2.69mm  0.106"  (1 hole)

    Total plated holes count 274


Drill file 'stmsplat1-NPTH.drl' contains
    unplated through holes:
    =============================================================
    T1  3.00mm  0.118"  (5 holes)

    Total unplated holes count 5
